CRITICAL - 2023-06-08 10:31:33 --> Call to undefined method CodeIgniter\Database\MySQLi\Builder::getResultArray()
in APPPATH\Models\Data_diklat_model.php on line 44.
 1 APPPATH\Controllers\Web.php(49): App\Models\Data_diklat_model->get_diklat_data_pelamar('pendidikan', 'summary')
 2 SYSTEMPATH\CodeIgniter.php(934): App\Controllers\Web->data_diklat('data-pelamar', 'summary')
 3 SYSTEMPATH\CodeIgniter.php(499): CodeIgniter\CodeIgniter->runController(Object(App\Controllers\Web))
 4 SYSTEMPATH\CodeIgniter.php(368): CodeIgniter\CodeIgniter->handleRequest(null, Object(Config\Cache), false)
 5 FCPATH\index.php(67): CodeIgniter\CodeIgniter->run()
 6 SYSTEMPATH\Commands\Server\rewrite.php(47): require_once('C:\\Bitnami\\wampstack\\apache2\\htdocs\\newsintesa_ci4\\public\\index.php')
CRITICAL - 2023-06-08 10:32:46 --> Call to undefined method CodeIgniter\Database\MySQLi\Builder::getResult()
in APPPATH\Models\Data_diklat_model.php on line 44.
 1 APPPATH\Controllers\Web.php(49): App\Models\Data_diklat_model->get_diklat_data_pelamar('pendidikan', 'summary')
 2 SYSTEMPATH\CodeIgniter.php(934): App\Controllers\Web->data_diklat('data-pelamar', 'summary')
 3 SYSTEMPATH\CodeIgniter.php(499): CodeIgniter\CodeIgniter->runController(Object(App\Controllers\Web))
 4 SYSTEMPATH\CodeIgniter.php(368): CodeIgniter\CodeIgniter->handleRequest(null, Object(Config\Cache), false)
 5 FCPATH\index.php(67): CodeIgniter\CodeIgniter->run()
 6 SYSTEMPATH\Commands\Server\rewrite.php(47): require_once('C:\\Bitnami\\wampstack\\apache2\\htdocs\\newsintesa_ci4\\public\\index.php')
CRITICAL - 2023-06-08 11:20:24 --> Undefined constant "realpath"
in APPPATH\Views\fe\template\footer.php on line 46.
 1 SYSTEMPATH\View\View.php(213): include()
 2 SYSTEMPATH\View\View.php(216): CodeIgniter\View\View->CodeIgniter\View\{closure}()
 3 SYSTEMPATH\Common.php(1184): CodeIgniter\View\View->render('fe/template/footer', [], true)
 4 APPPATH\Controllers\Web.php(19): view('fe/template/footer')
 5 SYSTEMPATH\CodeIgniter.php(934): App\Controllers\Web->index()
 6 SYSTEMPATH\CodeIgniter.php(499): CodeIgniter\CodeIgniter->runController(Object(App\Controllers\Web))
 7 SYSTEMPATH\CodeIgniter.php(368): CodeIgniter\CodeIgniter->handleRequest(null, Object(Config\Cache), false)
 8 FCPATH\index.php(67): CodeIgniter\CodeIgniter->run()
 9 SYSTEMPATH\Commands\Server\rewrite.php(47): require_once('C:\\Bitnami\\wampstack\\apache2\\htdocs\\newsintesa_ci4\\public\\index.php')
CRITICAL - 2023-06-08 11:21:59 --> realpath() expects exactly 1 argument, 0 given
in APPPATH\Views\fe\template\footer.php on line 46.
 1 APPPATH\Views\fe\template\footer.php(46): realpath()
 2 SYSTEMPATH\View\View.php(213): include('C:\\Bitnami\\wampstack\\apache2\\htdocs\\newsintesa_ci4\\app\\Views\\fe\\template\\footer.php')
 3 SYSTEMPATH\View\View.php(216): CodeIgniter\View\View->CodeIgniter\View\{closure}()
 4 SYSTEMPATH\Common.php(1184): CodeIgniter\View\View->render('fe/template/footer', [], true)
 5 APPPATH\Controllers\Web.php(19): view('fe/template/footer')
 6 SYSTEMPATH\CodeIgniter.php(934): App\Controllers\Web->index()
 7 SYSTEMPATH\CodeIgniter.php(499): CodeIgniter\CodeIgniter->runController(Object(App\Controllers\Web))
 8 SYSTEMPATH\CodeIgniter.php(368): CodeIgniter\CodeIgniter->handleRequest(null, Object(Config\Cache), false)
 9 FCPATH\index.php(67): CodeIgniter\CodeIgniter->run()
10 SYSTEMPATH\Commands\Server\rewrite.php(47): require_once('C:\\Bitnami\\wampstack\\apache2\\htdocs\\newsintesa_ci4\\public\\index.php')
CRITICAL - 2023-06-08 11:49:24 --> Undefined variable $data
in APPPATH\Views\fe\data_diklat_summary.php on line 4.
 1 APPPATH\Views\fe\data_diklat_summary.php(4): CodeIgniter\Debug\Exceptions->errorHandler(2, 'Undefined variable $data', 'C:\\Bitnami\\wampstack\\apache2\\htdocs\\newsintesa_ci4\\app\\Views\\fe\\data_diklat_summary.php', 4)
 2 SYSTEMPATH\View\View.php(213): include('C:\\Bitnami\\wampstack\\apache2\\htdocs\\newsintesa_ci4\\app\\Views\\fe\\data_diklat_summary.php')
 3 SYSTEMPATH\View\View.php(216): CodeIgniter\View\View->CodeIgniter\View\{closure}()
 4 SYSTEMPATH\Common.php(1184): CodeIgniter\View\View->render('fe/data_diklat_summary', [], true)
 5 APPPATH\Controllers\Web.php(56): view('fe/data_diklat_summary', [...])
 6 SYSTEMPATH\CodeIgniter.php(934): App\Controllers\Web->data_diklat('data-pelamar', 'summary')
 7 SYSTEMPATH\CodeIgniter.php(499): CodeIgniter\CodeIgniter->runController(Object(App\Controllers\Web))
 8 SYSTEMPATH\CodeIgniter.php(368): CodeIgniter\CodeIgniter->handleRequest(null, Object(Config\Cache), false)
 9 FCPATH\index.php(67): CodeIgniter\CodeIgniter->run()
10 SYSTEMPATH\Commands\Server\rewrite.php(47): require_once('C:\\Bitnami\\wampstack\\apache2\\htdocs\\newsintesa_ci4\\public\\index.php')
CRITICAL - 2023-06-08 16:06:32 --> Call to undefined method CodeIgniter\Database\MySQLi\Connection::select()
in APPPATH\Models\Data_diklat_model.php on line 20.
 1 APPPATH\Controllers\Web.php(50): App\Models\Data_diklat_model->get_diklat_data_pelamar('pendidikan', 'summary')
 2 SYSTEMPATH\CodeIgniter.php(934): App\Controllers\Web->data_diklat('data-pelamar', 'summary')
 3 SYSTEMPATH\CodeIgniter.php(499): CodeIgniter\CodeIgniter->runController(Object(App\Controllers\Web))
 4 SYSTEMPATH\CodeIgniter.php(368): CodeIgniter\CodeIgniter->handleRequest(null, Object(Config\Cache), false)
 5 FCPATH\index.php(67): CodeIgniter\CodeIgniter->run()
 6 SYSTEMPATH\Commands\Server\rewrite.php(47): require_once('C:\\Bitnami\\wampstack\\apache2\\htdocs\\newsintesa_ci4\\public\\index.php')
ERROR - 2023-06-08 16:07:43 --> mysqli_sql_exception: You have an error in your SQL syntax; check the manual that corresponds to your MySQL server version for the right syntax to use near 'vw_pelamar_pendidikan_summary' at line 1 in C:\Bitnami\wampstack\apache2\htdocs\newsintesa_ci4\system\Database\MySQLi\Connection.php:295
Stack trace:
#0 C:\Bitnami\wampstack\apache2\htdocs\newsintesa_ci4\system\Database\MySQLi\Connection.php(295): mysqli->query('vw_pelamar_pend...', 0)
#1 C:\Bitnami\wampstack\apache2\htdocs\newsintesa_ci4\system\Database\BaseConnection.php(692): CodeIgniter\Database\MySQLi\Connection->execute('vw_pelamar_pend...')
#2 C:\Bitnami\wampstack\apache2\htdocs\newsintesa_ci4\system\Database\BaseConnection.php(606): CodeIgniter\Database\BaseConnection->simpleQuery('vw_pelamar_pend...')
#3 C:\Bitnami\wampstack\apache2\htdocs\newsintesa_ci4\app\Models\Data_diklat_model.php(20): CodeIgniter\Database\BaseConnection->query('vw_pelamar_pend...')
#4 C:\Bitnami\wampstack\apache2\htdocs\newsintesa_ci4\app\Controllers\Web.php(50): App\Models\Data_diklat_model->get_diklat_data_pelamar('pendidikan', 'summary')
#5 C:\Bitnami\wampstack\apache2\htdocs\newsintesa_ci4\system\CodeIgniter.php(934): App\Controllers\Web->data_diklat('data-pelamar', 'summary')
#6 C:\Bitnami\wampstack\apache2\htdocs\newsintesa_ci4\system\CodeIgniter.php(499): CodeIgniter\CodeIgniter->runController(Object(App\Controllers\Web))
#7 C:\Bitnami\wampstack\apache2\htdocs\newsintesa_ci4\system\CodeIgniter.php(368): CodeIgniter\CodeIgniter->handleRequest(NULL, Object(Config\Cache), false)
#8 C:\Bitnami\wampstack\apache2\htdocs\newsintesa_ci4\public\index.php(67): CodeIgniter\CodeIgniter->run()
#9 C:\Bitnami\wampstack\apache2\htdocs\newsintesa_ci4\system\Commands\Server\rewrite.php(47): require_once('C:\\Bitnami\\wamp...')
#10 {main}
CRITICAL - 2023-06-08 16:07:43 --> You have an error in your SQL syntax; check the manual that corresponds to your MySQL server version for the right syntax to use near 'vw_pelamar_pendidikan_summary' at line 1
in SYSTEMPATH\Database\MySQLi\Connection.php on line 295.
 1 SYSTEMPATH\Database\MySQLi\Connection.php(295): mysqli->query('vw_pelamar_pendidikan_summary', 0)
 2 SYSTEMPATH\Database\BaseConnection.php(692): CodeIgniter\Database\MySQLi\Connection->execute('vw_pelamar_pendidikan_summary')
 3 SYSTEMPATH\Database\BaseConnection.php(606): CodeIgniter\Database\BaseConnection->simpleQuery('vw_pelamar_pendidikan_summary')
 4 APPPATH\Models\Data_diklat_model.php(20): CodeIgniter\Database\BaseConnection->query('vw_pelamar_pendidikan_summary')
 5 APPPATH\Controllers\Web.php(50): App\Models\Data_diklat_model->get_diklat_data_pelamar('pendidikan', 'summary')
 6 SYSTEMPATH\CodeIgniter.php(934): App\Controllers\Web->data_diklat('data-pelamar', 'summary')
 7 SYSTEMPATH\CodeIgniter.php(499): CodeIgniter\CodeIgniter->runController(Object(App\Controllers\Web))
 8 SYSTEMPATH\CodeIgniter.php(368): CodeIgniter\CodeIgniter->handleRequest(null, Object(Config\Cache), false)
 9 FCPATH\index.php(67): CodeIgniter\CodeIgniter->run()
10 SYSTEMPATH\Commands\Server\rewrite.php(47): require_once('C:\\Bitnami\\wampstack\\apache2\\htdocs\\newsintesa_ci4\\public\\index.php')
CRITICAL - 2023-06-08 16:19:50 --> Call to undefined function array_key()
in APPPATH\Views\fe\data_diklat_summary.php on line 4.
 1 SYSTEMPATH\View\View.php(213): include()
 2 SYSTEMPATH\View\View.php(216): CodeIgniter\View\View->CodeIgniter\View\{closure}()
 3 SYSTEMPATH\Common.php(1184): CodeIgniter\View\View->render('fe/data_diklat_summary', [], true)
 4 APPPATH\Controllers\Web.php(56): view('fe/data_diklat_summary', [...])
 5 SYSTEMPATH\CodeIgniter.php(934): App\Controllers\Web->data_diklat('data-pelamar', 'summary')
 6 SYSTEMPATH\CodeIgniter.php(499): CodeIgniter\CodeIgniter->runController(Object(App\Controllers\Web))
 7 SYSTEMPATH\CodeIgniter.php(368): CodeIgniter\CodeIgniter->handleRequest(null, Object(Config\Cache), false)
 8 FCPATH\index.php(67): CodeIgniter\CodeIgniter->run()
 9 SYSTEMPATH\Commands\Server\rewrite.php(47): require_once('C:\\Bitnami\\wampstack\\apache2\\htdocs\\newsintesa_ci4\\public\\index.php')
CRITICAL - 2023-06-08 16:27:42 --> Call to undefined function array_key()
in APPPATH\Views\fe\data_diklat_summary.php on line 4.
 1 SYSTEMPATH\View\View.php(213): include()
 2 SYSTEMPATH\View\View.php(216): CodeIgniter\View\View->CodeIgniter\View\{closure}()
 3 SYSTEMPATH\Common.php(1184): CodeIgniter\View\View->render('fe/data_diklat_summary', [], true)
 4 APPPATH\Controllers\Web.php(56): view('fe/data_diklat_summary', [...])
 5 SYSTEMPATH\CodeIgniter.php(934): App\Controllers\Web->data_diklat('data-pelamar', 'summary')
 6 SYSTEMPATH\CodeIgniter.php(499): CodeIgniter\CodeIgniter->runController(Object(App\Controllers\Web))
 7 SYSTEMPATH\CodeIgniter.php(368): CodeIgniter\CodeIgniter->handleRequest(null, Object(Config\Cache), false)
 8 FCPATH\index.php(67): CodeIgniter\CodeIgniter->run()
 9 SYSTEMPATH\Commands\Server\rewrite.php(47): require_once('C:\\Bitnami\\wampstack\\apache2\\htdocs\\newsintesa_ci4\\public\\index.php')
CRITICAL - 2023-06-08 16:28:03 --> Call to undefined function array_key()
in APPPATH\Views\fe\data_diklat_summary.php on line 4.
 1 SYSTEMPATH\View\View.php(213): include()
 2 SYSTEMPATH\View\View.php(216): CodeIgniter\View\View->CodeIgniter\View\{closure}()
 3 SYSTEMPATH\Common.php(1184): CodeIgniter\View\View->render('fe/data_diklat_summary', [], true)
 4 APPPATH\Controllers\Web.php(56): view('fe/data_diklat_summary', [...])
 5 SYSTEMPATH\CodeIgniter.php(934): App\Controllers\Web->data_diklat('data-pelamar', 'summary')
 6 SYSTEMPATH\CodeIgniter.php(499): CodeIgniter\CodeIgniter->runController(Object(App\Controllers\Web))
 7 SYSTEMPATH\CodeIgniter.php(368): CodeIgniter\CodeIgniter->handleRequest(null, Object(Config\Cache), false)
 8 FCPATH\index.php(67): CodeIgniter\CodeIgniter->run()
 9 SYSTEMPATH\Commands\Server\rewrite.php(47): require_once('C:\\Bitnami\\wampstack\\apache2\\htdocs\\newsintesa_ci4\\public\\index.php')
CRITICAL - 2023-06-08 16:33:07 --> Array to string conversion
in APPPATH\Views\fe\data_diklat_summary.php on line 29.
 1 APPPATH\Views\fe\data_diklat_summary.php(29): CodeIgniter\Debug\Exceptions->errorHandler(2, 'Array to string conversion', 'C:\\Bitnami\\wampstack\\apache2\\htdocs\\newsintesa_ci4\\app\\Views\\fe\\data_diklat_summary.php', 29)
 2 SYSTEMPATH\View\View.php(213): include('C:\\Bitnami\\wampstack\\apache2\\htdocs\\newsintesa_ci4\\app\\Views\\fe\\data_diklat_summary.php')
 3 SYSTEMPATH\View\View.php(216): CodeIgniter\View\View->CodeIgniter\View\{closure}()
 4 SYSTEMPATH\Common.php(1184): CodeIgniter\View\View->render('fe/data_diklat_summary', [], true)
 5 APPPATH\Controllers\Web.php(56): view('fe/data_diklat_summary', [...])
 6 SYSTEMPATH\CodeIgniter.php(934): App\Controllers\Web->data_diklat('data-pelamar', 'summary')
 7 SYSTEMPATH\CodeIgniter.php(499): CodeIgniter\CodeIgniter->runController(Object(App\Controllers\Web))
 8 SYSTEMPATH\CodeIgniter.php(368): CodeIgniter\CodeIgniter->handleRequest(null, Object(Config\Cache), false)
 9 FCPATH\index.php(67): CodeIgniter\CodeIgniter->run()
10 SYSTEMPATH\Commands\Server\rewrite.php(47): require_once('C:\\Bitnami\\wampstack\\apache2\\htdocs\\newsintesa_ci4\\public\\index.php')
CRITICAL - 2023-06-08 16:49:12 --> Unclosed '{' on line 42
in APPPATH\Views\fe\data_diklat_summary.php on line 69.
 1 SYSTEMPATH\View\View.php(216): CodeIgniter\View\View->CodeIgniter\View\{closure}()
 2 SYSTEMPATH\Common.php(1184): CodeIgniter\View\View->render('fe/data_diklat_summary', [], true)
 3 APPPATH\Controllers\Web.php(56): view('fe/data_diklat_summary', [...])
 4 SYSTEMPATH\CodeIgniter.php(934): App\Controllers\Web->data_diklat('data-pelamar', 'summary')
 5 SYSTEMPATH\CodeIgniter.php(499): CodeIgniter\CodeIgniter->runController(Object(App\Controllers\Web))
 6 SYSTEMPATH\CodeIgniter.php(368): CodeIgniter\CodeIgniter->handleRequest(null, Object(Config\Cache), false)
 7 FCPATH\index.php(67): CodeIgniter\CodeIgniter->run()
 8 SYSTEMPATH\Commands\Server\rewrite.php(47): require_once('C:\\Bitnami\\wampstack\\apache2\\htdocs\\newsintesa_ci4\\public\\index.php')
