ERROR - 2023-06-05 10:45:44 --> mysqli_sql_exception: Unknown column 'delstate' in 'where clause' in C:\Bitnami\wampstack\apache2\htdocs\newsintesa_ci4\system\Database\MySQLi\Connection.php:295
Stack trace:
#0 C:\Bitnami\wampstack\apache2\htdocs\newsintesa_ci4\system\Database\MySQLi\Connection.php(295): mysqli->query('SELECT COUNT(*)...', 0)
#1 C:\Bitnami\wampstack\apache2\htdocs\newsintesa_ci4\system\Database\BaseConnection.php(692): CodeIgniter\Database\MySQLi\Connection->execute('SELECT COUNT(*)...')
#2 C:\Bitnami\wampstack\apache2\htdocs\newsintesa_ci4\system\Database\BaseConnection.php(606): CodeIgniter\Database\BaseConnection->simpleQuery('SELECT COUNT(*)...')
#3 C:\Bitnami\wampstack\apache2\htdocs\newsintesa_ci4\system\Database\BaseBuilder.php(1700): CodeIgniter\Database\BaseConnection->query('SELECT COUNT(*)...', Array, false)
#4 C:\Bitnami\wampstack\apache2\htdocs\newsintesa_ci4\app\Models\Data_diklat_model.php(88): CodeIgniter\Database\BaseBuilder->countAllResults()
#5 C:\Bitnami\wampstack\apache2\htdocs\newsintesa_ci4\app\Controllers\Web.php(40): App\Models\Data_diklat_model->get_diklat_data_penempatan('pelatihan', 'summary')
#6 C:\Bitnami\wampstack\apache2\htdocs\newsintesa_ci4\system\CodeIgniter.php(934): App\Controllers\Web->data_diklat('data-penempatan')
#7 C:\Bitnami\wampstack\apache2\htdocs\newsintesa_ci4\system\CodeIgniter.php(499): CodeIgniter\CodeIgniter->runController(Object(App\Controllers\Web))
#8 C:\Bitnami\wampstack\apache2\htdocs\newsintesa_ci4\system\CodeIgniter.php(368): CodeIgniter\CodeIgniter->handleRequest(NULL, Object(Config\Cache), false)
#9 C:\Bitnami\wampstack\apache2\htdocs\newsintesa_ci4\public\index.php(67): CodeIgniter\CodeIgniter->run()
#10 C:\Bitnami\wampstack\apache2\htdocs\newsintesa_ci4\system\Commands\Server\rewrite.php(47): require_once('C:\\Bitnami\\wamp...')
#11 {main}
CRITICAL - 2023-06-05 10:45:44 --> Unknown column 'delstate' in 'where clause'
in SYSTEMPATH\Database\MySQLi\Connection.php on line 295.
 1 SYSTEMPATH\Database\MySQLi\Connection.php(295): mysqli->query('SELECT COUNT(*) AS `numrows`
FROM `t_peserta` `tp`
LEFT JOIN `t_datadiri` `td` ON `tp`.`id_datadiri` = `td`.`id_datadiri`
LEFT JOIN `t_seleksi` `ts` ON `tp`.`id_seleksi` = `ts`.`id_seleksi`
WHERE `penempatan` != \'\'
AND `pstat` = 1
AND `ts`.`tahun` = \'2022\'
AND   (
`ts`.`nama` LIKE \'DIKLAT NON%\' ESCAPE \'!\'
 )
AND `delstate` = \'a\'', 0)
 2 SYSTEMPATH\Database\BaseConnection.php(692): CodeIgniter\Database\MySQLi\Connection->execute('SELECT COUNT(*) AS `numrows`
FROM `t_peserta` `tp`
LEFT JOIN `t_datadiri` `td` ON `tp`.`id_datadiri` = `td`.`id_datadiri`
LEFT JOIN `t_seleksi` `ts` ON `tp`.`id_seleksi` = `ts`.`id_seleksi`
WHERE `penempatan` != \'\'
AND `pstat` = 1
AND `ts`.`tahun` = \'2022\'
AND   (
`ts`.`nama` LIKE \'DIKLAT NON%\' ESCAPE \'!\'
 )
AND `delstate` = \'a\'')
 3 SYSTEMPATH\Database\BaseConnection.php(606): CodeIgniter\Database\BaseConnection->simpleQuery('SELECT COUNT(*) AS `numrows`
FROM `t_peserta` `tp`
LEFT JOIN `t_datadiri` `td` ON `tp`.`id_datadiri` = `td`.`id_datadiri`
LEFT JOIN `t_seleksi` `ts` ON `tp`.`id_seleksi` = `ts`.`id_seleksi`
WHERE `penempatan` != \'\'
AND `pstat` = 1
AND `ts`.`tahun` = \'2022\'
AND   (
`ts`.`nama` LIKE \'DIKLAT NON%\' ESCAPE \'!\'
 )
AND `delstate` = \'a\'')
 4 SYSTEMPATH\Database\BaseBuilder.php(1700): CodeIgniter\Database\BaseConnection->query('SELECT COUNT(*) AS `numrows`
FROM `t_peserta` `tp`
LEFT JOIN `t_datadiri` `td` ON `tp`.`id_datadiri` = `td`.`id_datadiri`
LEFT JOIN `t_seleksi` `ts` ON `tp`.`id_seleksi` = `ts`.`id_seleksi`
WHERE `penempatan` != :penempatan:
AND `pstat` = :pstat:
AND `ts`.`tahun` = :ts.tahun:
AND   (
`ts`.`nama` LIKE :ts.nama: ESCAPE \'!\'
 )
AND `delstate` = :delstate:', [...], false)
 5 APPPATH\Models\Data_diklat_model.php(88): CodeIgniter\Database\BaseBuilder->countAllResults()
 6 APPPATH\Controllers\Web.php(40): App\Models\Data_diklat_model->get_diklat_data_penempatan('pelatihan', 'summary')
 7 SYSTEMPATH\CodeIgniter.php(934): App\Controllers\Web->data_diklat('data-penempatan')
 8 SYSTEMPATH\CodeIgniter.php(499): CodeIgniter\CodeIgniter->runController(Object(App\Controllers\Web))
 9 SYSTEMPATH\CodeIgniter.php(368): CodeIgniter\CodeIgniter->handleRequest(null, Object(Config\Cache), false)
10 FCPATH\index.php(67): CodeIgniter\CodeIgniter->run()
11 SYSTEMPATH\Commands\Server\rewrite.php(47): require_once('C:\\Bitnami\\wampstack\\apache2\\htdocs\\newsintesa_ci4\\public\\index.php')
CRITICAL - 2023-06-05 10:47:11 --> syntax error, unexpected token "}"
in APPPATH\Models\Data_diklat_model.php on line 44.
 1 SYSTEMPATH\Autoloader\Autoloader.php(289): CodeIgniter\Autoloader\Autoloader->includeFile('C:\\Bitnami\\wampstack\\apache2\\htdocs\\newsintesa_ci4\\app\\Models\\Data_diklat_model.php')
 2 SYSTEMPATH\Autoloader\Autoloader.php(267): CodeIgniter\Autoloader\Autoloader->loadInNamespace('App\\Models\\Data_diklat_model')
 3 APPPATH\Controllers\Web.php(25): CodeIgniter\Autoloader\Autoloader->loadClass('App\\Models\\Data_diklat_model')
 4 SYSTEMPATH\CodeIgniter.php(934): App\Controllers\Web->data_diklat('data-penempatan')
 5 SYSTEMPATH\CodeIgniter.php(499): CodeIgniter\CodeIgniter->runController(Object(App\Controllers\Web))
 6 SYSTEMPATH\CodeIgniter.php(368): CodeIgniter\CodeIgniter->handleRequest(null, Object(Config\Cache), false)
 7 FCPATH\index.php(67): CodeIgniter\CodeIgniter->run()
 8 SYSTEMPATH\Commands\Server\rewrite.php(47): require_once('C:\\Bitnami\\wampstack\\apache2\\htdocs\\newsintesa_ci4\\public\\index.php')
CRITICAL - 2023-06-05 10:47:12 --> syntax error, unexpected token "}"
in APPPATH\Models\Data_diklat_model.php on line 44.
 1 SYSTEMPATH\Autoloader\Autoloader.php(289): CodeIgniter\Autoloader\Autoloader->includeFile('C:\\Bitnami\\wampstack\\apache2\\htdocs\\newsintesa_ci4\\app\\Models\\Data_diklat_model.php')
 2 SYSTEMPATH\Autoloader\Autoloader.php(267): CodeIgniter\Autoloader\Autoloader->loadInNamespace('App\\Models\\Data_diklat_model')
 3 APPPATH\Controllers\Web.php(25): CodeIgniter\Autoloader\Autoloader->loadClass('App\\Models\\Data_diklat_model')
 4 SYSTEMPATH\CodeIgniter.php(934): App\Controllers\Web->data_diklat('data-penempatan')
 5 SYSTEMPATH\CodeIgniter.php(499): CodeIgniter\CodeIgniter->runController(Object(App\Controllers\Web))
 6 SYSTEMPATH\CodeIgniter.php(368): CodeIgniter\CodeIgniter->handleRequest(null, Object(Config\Cache), false)
 7 FCPATH\index.php(67): CodeIgniter\CodeIgniter->run()
 8 SYSTEMPATH\Commands\Server\rewrite.php(47): require_once('C:\\Bitnami\\wampstack\\apache2\\htdocs\\newsintesa_ci4\\public\\index.php')
ERROR - 2023-06-05 10:47:34 --> mysqli_sql_exception: Unknown column 'delstate' in 'where clause' in C:\Bitnami\wampstack\apache2\htdocs\newsintesa_ci4\system\Database\MySQLi\Connection.php:295
Stack trace:
#0 C:\Bitnami\wampstack\apache2\htdocs\newsintesa_ci4\system\Database\MySQLi\Connection.php(295): mysqli->query('SELECT COUNT(*)...', 0)
#1 C:\Bitnami\wampstack\apache2\htdocs\newsintesa_ci4\system\Database\BaseConnection.php(692): CodeIgniter\Database\MySQLi\Connection->execute('SELECT COUNT(*)...')
#2 C:\Bitnami\wampstack\apache2\htdocs\newsintesa_ci4\system\Database\BaseConnection.php(606): CodeIgniter\Database\BaseConnection->simpleQuery('SELECT COUNT(*)...')
#3 C:\Bitnami\wampstack\apache2\htdocs\newsintesa_ci4\system\Database\BaseBuilder.php(1700): CodeIgniter\Database\BaseConnection->query('SELECT COUNT(*)...', Array, false)
#4 C:\Bitnami\wampstack\apache2\htdocs\newsintesa_ci4\app\Models\Data_diklat_model.php(89): CodeIgniter\Database\BaseBuilder->countAllResults()
#5 C:\Bitnami\wampstack\apache2\htdocs\newsintesa_ci4\app\Controllers\Web.php(40): App\Models\Data_diklat_model->get_diklat_data_penempatan('pelatihan', 'summary')
#6 C:\Bitnami\wampstack\apache2\htdocs\newsintesa_ci4\system\CodeIgniter.php(934): App\Controllers\Web->data_diklat('data-penempatan')
#7 C:\Bitnami\wampstack\apache2\htdocs\newsintesa_ci4\system\CodeIgniter.php(499): CodeIgniter\CodeIgniter->runController(Object(App\Controllers\Web))
#8 C:\Bitnami\wampstack\apache2\htdocs\newsintesa_ci4\system\CodeIgniter.php(368): CodeIgniter\CodeIgniter->handleRequest(NULL, Object(Config\Cache), false)
#9 C:\Bitnami\wampstack\apache2\htdocs\newsintesa_ci4\public\index.php(67): CodeIgniter\CodeIgniter->run()
#10 C:\Bitnami\wampstack\apache2\htdocs\newsintesa_ci4\system\Commands\Server\rewrite.php(47): require_once('C:\\Bitnami\\wamp...')
#11 {main}
CRITICAL - 2023-06-05 10:47:34 --> Unknown column 'delstate' in 'where clause'
in SYSTEMPATH\Database\MySQLi\Connection.php on line 295.
 1 SYSTEMPATH\Database\MySQLi\Connection.php(295): mysqli->query('SELECT COUNT(*) AS `numrows`
FROM `t_peserta` `tp`
LEFT JOIN `t_datadiri` `td` ON `tp`.`id_datadiri` = `td`.`id_datadiri`
LEFT JOIN `t_seleksi` `ts` ON `tp`.`id_seleksi` = `ts`.`id_seleksi`
WHERE `penempatan` != \'\'
AND `pstat` = 1
AND `ts`.`tahun` = \'2022\'
AND   (
`ts`.`nama` LIKE \'DIKLAT NON%\' ESCAPE \'!\'
 )
AND `delstate` = \'a\'', 0)
 2 SYSTEMPATH\Database\BaseConnection.php(692): CodeIgniter\Database\MySQLi\Connection->execute('SELECT COUNT(*) AS `numrows`
FROM `t_peserta` `tp`
LEFT JOIN `t_datadiri` `td` ON `tp`.`id_datadiri` = `td`.`id_datadiri`
LEFT JOIN `t_seleksi` `ts` ON `tp`.`id_seleksi` = `ts`.`id_seleksi`
WHERE `penempatan` != \'\'
AND `pstat` = 1
AND `ts`.`tahun` = \'2022\'
AND   (
`ts`.`nama` LIKE \'DIKLAT NON%\' ESCAPE \'!\'
 )
AND `delstate` = \'a\'')
 3 SYSTEMPATH\Database\BaseConnection.php(606): CodeIgniter\Database\BaseConnection->simpleQuery('SELECT COUNT(*) AS `numrows`
FROM `t_peserta` `tp`
LEFT JOIN `t_datadiri` `td` ON `tp`.`id_datadiri` = `td`.`id_datadiri`
LEFT JOIN `t_seleksi` `ts` ON `tp`.`id_seleksi` = `ts`.`id_seleksi`
WHERE `penempatan` != \'\'
AND `pstat` = 1
AND `ts`.`tahun` = \'2022\'
AND   (
`ts`.`nama` LIKE \'DIKLAT NON%\' ESCAPE \'!\'
 )
AND `delstate` = \'a\'')
 4 SYSTEMPATH\Database\BaseBuilder.php(1700): CodeIgniter\Database\BaseConnection->query('SELECT COUNT(*) AS `numrows`
FROM `t_peserta` `tp`
LEFT JOIN `t_datadiri` `td` ON `tp`.`id_datadiri` = `td`.`id_datadiri`
LEFT JOIN `t_seleksi` `ts` ON `tp`.`id_seleksi` = `ts`.`id_seleksi`
WHERE `penempatan` != :penempatan:
AND `pstat` = :pstat:
AND `ts`.`tahun` = :ts.tahun:
AND   (
`ts`.`nama` LIKE :ts.nama: ESCAPE \'!\'
 )
AND `delstate` = :delstate:', [...], false)
 5 APPPATH\Models\Data_diklat_model.php(89): CodeIgniter\Database\BaseBuilder->countAllResults()
 6 APPPATH\Controllers\Web.php(40): App\Models\Data_diklat_model->get_diklat_data_penempatan('pelatihan', 'summary')
 7 SYSTEMPATH\CodeIgniter.php(934): App\Controllers\Web->data_diklat('data-penempatan')
 8 SYSTEMPATH\CodeIgniter.php(499): CodeIgniter\CodeIgniter->runController(Object(App\Controllers\Web))
 9 SYSTEMPATH\CodeIgniter.php(368): CodeIgniter\CodeIgniter->handleRequest(null, Object(Config\Cache), false)
10 FCPATH\index.php(67): CodeIgniter\CodeIgniter->run()
11 SYSTEMPATH\Commands\Server\rewrite.php(47): require_once('C:\\Bitnami\\wampstack\\apache2\\htdocs\\newsintesa_ci4\\public\\index.php')
