CRITICAL - 2023-08-12 03:49:17 --> Undefined variable $data
in APPPATH\Controllers\Auth.php on line 10.
 1 APPPATH\Controllers\Auth.php(10): CodeIgniter\Debug\Exceptions->errorHandler(2, 'Undefined variable $data', 'C:\\Bitnami\\wampstack\\apache2\\htdocs\\newsintesa_ci4\\app\\Controllers\\Auth.php', 10)
 2 SYSTEMPATH\CodeIgniter.php(934): App\Controllers\Auth->login()
 3 SYSTEMPATH\CodeIgniter.php(499): CodeIgniter\CodeIgniter->runController(Object(App\Controllers\Auth))
 4 SYSTEMPATH\CodeIgniter.php(368): CodeIgniter\CodeIgniter->handleRequest(null, Object(Config\Cache), false)
 5 FCPATH\index.php(67): CodeIgniter\CodeIgniter->run()
 6 SYSTEMPATH\Commands\Server\rewrite.php(47): require_once('C:\\Bitnami\\wampstack\\apache2\\htdocs\\newsintesa_ci4\\public\\index.php')
CRITICAL - 2023-08-12 03:49:37 --> Undefined variable $menu_title
in APPPATH\Views\fe\template\header.php on line 70.
 1 APPPATH\Views\fe\template\header.php(70): CodeIgniter\Debug\Exceptions->errorHandler(2, 'Undefined variable $menu_title', 'C:\\Bitnami\\wampstack\\apache2\\htdocs\\newsintesa_ci4\\app\\Views\\fe\\template\\header.php', 70)
 2 SYSTEMPATH\View\View.php(213): include('C:\\Bitnami\\wampstack\\apache2\\htdocs\\newsintesa_ci4\\app\\Views\\fe\\template\\header.php')
 3 SYSTEMPATH\View\View.php(216): CodeIgniter\View\View->CodeIgniter\View\{closure}()
 4 SYSTEMPATH\Common.php(1184): CodeIgniter\View\View->render('fe/template/header', [], true)
 5 APPPATH\Controllers\Auth.php(10): view('fe/template/header')
 6 SYSTEMPATH\CodeIgniter.php(934): App\Controllers\Auth->login()
 7 SYSTEMPATH\CodeIgniter.php(499): CodeIgniter\CodeIgniter->runController(Object(App\Controllers\Auth))
 8 SYSTEMPATH\CodeIgniter.php(368): CodeIgniter\CodeIgniter->handleRequest(null, Object(Config\Cache), false)
 9 FCPATH\index.php(67): CodeIgniter\CodeIgniter->run()
10 SYSTEMPATH\Commands\Server\rewrite.php(47): require_once('C:\\Bitnami\\wampstack\\apache2\\htdocs\\newsintesa_ci4\\public\\index.php')
CRITICAL - 2023-08-12 03:49:39 --> Undefined variable $menu_title
in APPPATH\Views\fe\template\header.php on line 70.
 1 APPPATH\Views\fe\template\header.php(70): CodeIgniter\Debug\Exceptions->errorHandler(2, 'Undefined variable $menu_title', 'C:\\Bitnami\\wampstack\\apache2\\htdocs\\newsintesa_ci4\\app\\Views\\fe\\template\\header.php', 70)
 2 SYSTEMPATH\View\View.php(213): include('C:\\Bitnami\\wampstack\\apache2\\htdocs\\newsintesa_ci4\\app\\Views\\fe\\template\\header.php')
 3 SYSTEMPATH\View\View.php(216): CodeIgniter\View\View->CodeIgniter\View\{closure}()
 4 SYSTEMPATH\Common.php(1184): CodeIgniter\View\View->render('fe/template/header', [], true)
 5 APPPATH\Controllers\Auth.php(10): view('fe/template/header')
 6 SYSTEMPATH\CodeIgniter.php(934): App\Controllers\Auth->login()
 7 SYSTEMPATH\CodeIgniter.php(499): CodeIgniter\CodeIgniter->runController(Object(App\Controllers\Auth))
 8 SYSTEMPATH\CodeIgniter.php(368): CodeIgniter\CodeIgniter->handleRequest(null, Object(Config\Cache), false)
 9 FCPATH\index.php(67): CodeIgniter\CodeIgniter->run()
10 SYSTEMPATH\Commands\Server\rewrite.php(47): require_once('C:\\Bitnami\\wampstack\\apache2\\htdocs\\newsintesa_ci4\\public\\index.php')
CRITICAL - 2023-08-12 03:50:34 --> Class "App\Models\Modelkonfigurasi" not found
in APPPATH\Views\fe\v_login_user.php on line 7.
 1 SYSTEMPATH\View\View.php(213): include()
 2 SYSTEMPATH\View\View.php(216): CodeIgniter\View\View->CodeIgniter\View\{closure}()
 3 SYSTEMPATH\Common.php(1184): CodeIgniter\View\View->render('fe/v_login_user', [], true)
 4 APPPATH\Controllers\Auth.php(14): view('fe/v_login_user', [...])
 5 SYSTEMPATH\CodeIgniter.php(934): App\Controllers\Auth->login()
 6 SYSTEMPATH\CodeIgniter.php(499): CodeIgniter\CodeIgniter->runController(Object(App\Controllers\Auth))
 7 SYSTEMPATH\CodeIgniter.php(368): CodeIgniter\CodeIgniter->handleRequest(null, Object(Config\Cache), false)
 8 FCPATH\index.php(67): CodeIgniter\CodeIgniter->run()
 9 SYSTEMPATH\Commands\Server\rewrite.php(47): require_once('C:\\Bitnami\\wampstack\\apache2\\htdocs\\newsintesa_ci4\\public\\index.php')
CRITICAL - 2023-08-12 04:04:08 --> Invalid file: "auth/v_login_user.php"
in SYSTEMPATH\Exceptions\FrameworkException.php on line 33.
 1 SYSTEMPATH\View\View.php(201): CodeIgniter\Exceptions\FrameworkException::forInvalidFile('auth/v_login_user.php')
 2 SYSTEMPATH\Common.php(1184): CodeIgniter\View\View->render('auth/v_login_user', [], true)
 3 APPPATH\Controllers\Login.php(28): view('auth/v_login_user', [...])
 4 SYSTEMPATH\CodeIgniter.php(934): App\Controllers\Login->index()
 5 SYSTEMPATH\CodeIgniter.php(499): CodeIgniter\CodeIgniter->runController(Object(App\Controllers\Login))
 6 SYSTEMPATH\CodeIgniter.php(368): CodeIgniter\CodeIgniter->handleRequest(null, Object(Config\Cache), false)
 7 FCPATH\index.php(67): CodeIgniter\CodeIgniter->run()
 8 SYSTEMPATH\Commands\Server\rewrite.php(47): require_once('C:\\Bitnami\\wampstack\\apache2\\htdocs\\newsintesa_ci4\\public\\index.php')
CRITICAL - 2023-08-12 04:04:32 --> Call to undefined function form_open()
in APPPATH\Views\fe\v_login_user.php on line 42.
 1 SYSTEMPATH\View\View.php(213): include()
 2 SYSTEMPATH\View\View.php(216): CodeIgniter\View\View->CodeIgniter\View\{closure}()
 3 SYSTEMPATH\Common.php(1184): CodeIgniter\View\View->render('fe/v_login_user', [], true)
 4 APPPATH\Controllers\Login.php(28): view('fe/v_login_user', [...])
 5 SYSTEMPATH\CodeIgniter.php(934): App\Controllers\Login->index()
 6 SYSTEMPATH\CodeIgniter.php(499): CodeIgniter\CodeIgniter->runController(Object(App\Controllers\Login))
 7 SYSTEMPATH\CodeIgniter.php(368): CodeIgniter\CodeIgniter->handleRequest(null, Object(Config\Cache), false)
 8 FCPATH\index.php(67): CodeIgniter\CodeIgniter->run()
 9 SYSTEMPATH\Commands\Server\rewrite.php(47): require_once('C:\\Bitnami\\wampstack\\apache2\\htdocs\\newsintesa_ci4\\public\\index.php')
CRITICAL - 2023-08-12 05:11:35 --> "password_strength" is not a valid rule.
in SYSTEMPATH\Validation\Validation.php on line 329.
 1 SYSTEMPATH\Validation\Validation.php(329): CodeIgniter\Validation\Exceptions\ValidationException::forRuleNotFound('password_strength')
 2 SYSTEMPATH\Validation\Validation.php(179): CodeIgniter\Validation\Validation->processRules('password_hash', 'Password', 'password.Blokf12no6', [...], [...])
 3 SYSTEMPATH\Controller.php(140): CodeIgniter\Validation\Validation->run()
 4 APPPATH\Controllers\Login.php(138): CodeIgniter\Controller->validate([...])
 5 SYSTEMPATH\CodeIgniter.php(934): App\Controllers\Login->validasi()
 6 SYSTEMPATH\CodeIgniter.php(499): CodeIgniter\CodeIgniter->runController(Object(App\Controllers\Login))
 7 SYSTEMPATH\CodeIgniter.php(368): CodeIgniter\CodeIgniter->handleRequest(null, Object(Config\Cache), false)
 8 FCPATH\index.php(67): CodeIgniter\CodeIgniter->run()
 9 SYSTEMPATH\Commands\Server\rewrite.php(47): require_once('C:\\Bitnami\\wampstack\\apache2\\htdocs\\newsintesa_ci4\\public\\index.php')
CRITICAL - 2023-08-12 05:12:53 --> "password_strength" is not a valid rule.
in SYSTEMPATH\Validation\Validation.php on line 329.
 1 SYSTEMPATH\Validation\Validation.php(329): CodeIgniter\Validation\Exceptions\ValidationException::forRuleNotFound('password_strength')
 2 SYSTEMPATH\Validation\Validation.php(179): CodeIgniter\Validation\Validation->processRules('password_hash', 'Password', 'password.Blokf12no6', [...], [...])
 3 SYSTEMPATH\Controller.php(140): CodeIgniter\Validation\Validation->run()
 4 APPPATH\Controllers\Login.php(138): CodeIgniter\Controller->validate([...])
 5 SYSTEMPATH\CodeIgniter.php(934): App\Controllers\Login->validasi()
 6 SYSTEMPATH\CodeIgniter.php(499): CodeIgniter\CodeIgniter->runController(Object(App\Controllers\Login))
 7 SYSTEMPATH\CodeIgniter.php(368): CodeIgniter\CodeIgniter->handleRequest(null, Object(Config\Cache), false)
 8 FCPATH\index.php(67): CodeIgniter\CodeIgniter->run()
 9 SYSTEMPATH\Commands\Server\rewrite.php(47): require_once('C:\\Bitnami\\wampstack\\apache2\\htdocs\\newsintesa_ci4\\public\\index.php')
CRITICAL - 2023-08-12 05:14:36 --> "password_strength" is not a valid rule.
in SYSTEMPATH\Validation\Validation.php on line 329.
 1 SYSTEMPATH\Validation\Validation.php(329): CodeIgniter\Validation\Exceptions\ValidationException::forRuleNotFound('password_strength')
 2 SYSTEMPATH\Validation\Validation.php(179): CodeIgniter\Validation\Validation->processRules('password_hash', 'Password', 'password.Blokf12no6', [...], [...])
 3 SYSTEMPATH\Controller.php(140): CodeIgniter\Validation\Validation->run()
 4 APPPATH\Controllers\Login.php(138): CodeIgniter\Controller->validate([...])
 5 SYSTEMPATH\CodeIgniter.php(934): App\Controllers\Login->validasi()
 6 SYSTEMPATH\CodeIgniter.php(499): CodeIgniter\CodeIgniter->runController(Object(App\Controllers\Login))
 7 SYSTEMPATH\CodeIgniter.php(368): CodeIgniter\CodeIgniter->handleRequest(null, Object(Config\Cache), false)
 8 FCPATH\index.php(67): CodeIgniter\CodeIgniter->run()
 9 SYSTEMPATH\Commands\Server\rewrite.php(47): require_once('C:\\Bitnami\\wampstack\\apache2\\htdocs\\newsintesa_ci4\\public\\index.php')
CRITICAL - 2023-08-12 05:15:14 --> "password_strength" is not a valid rule.
in SYSTEMPATH\Validation\Validation.php on line 329.
 1 SYSTEMPATH\Validation\Validation.php(329): CodeIgniter\Validation\Exceptions\ValidationException::forRuleNotFound('password_strength')
 2 SYSTEMPATH\Validation\Validation.php(179): CodeIgniter\Validation\Validation->processRules('password_hash', 'Password', 'password.Blokf12no6', [...], [...])
 3 SYSTEMPATH\Controller.php(140): CodeIgniter\Validation\Validation->run()
 4 APPPATH\Controllers\Login.php(138): CodeIgniter\Controller->validate([...])
 5 SYSTEMPATH\CodeIgniter.php(934): App\Controllers\Login->validasi()
 6 SYSTEMPATH\CodeIgniter.php(499): CodeIgniter\CodeIgniter->runController(Object(App\Controllers\Login))
 7 SYSTEMPATH\CodeIgniter.php(368): CodeIgniter\CodeIgniter->handleRequest(null, Object(Config\Cache), false)
 8 FCPATH\index.php(67): CodeIgniter\CodeIgniter->run()
 9 SYSTEMPATH\Commands\Server\rewrite.php(47): require_once('C:\\Bitnami\\wampstack\\apache2\\htdocs\\newsintesa_ci4\\public\\index.php')
CRITICAL - 2023-08-12 05:16:03 --> "password_strength" is not a valid rule.
in SYSTEMPATH\Validation\Validation.php on line 329.
 1 SYSTEMPATH\Validation\Validation.php(329): CodeIgniter\Validation\Exceptions\ValidationException::forRuleNotFound('password_strength')
 2 SYSTEMPATH\Validation\Validation.php(179): CodeIgniter\Validation\Validation->processRules('password_hash', 'Password', 'password.Blokf12no6', [...], [...])
 3 SYSTEMPATH\Controller.php(140): CodeIgniter\Validation\Validation->run()
 4 APPPATH\Controllers\Login.php(140): CodeIgniter\Controller->validate([...])
 5 SYSTEMPATH\CodeIgniter.php(934): App\Controllers\Login->validasi()
 6 SYSTEMPATH\CodeIgniter.php(499): CodeIgniter\CodeIgniter->runController(Object(App\Controllers\Login))
 7 SYSTEMPATH\CodeIgniter.php(368): CodeIgniter\CodeIgniter->handleRequest(null, Object(Config\Cache), false)
 8 FCPATH\index.php(67): CodeIgniter\CodeIgniter->run()
 9 SYSTEMPATH\Commands\Server\rewrite.php(47): require_once('C:\\Bitnami\\wampstack\\apache2\\htdocs\\newsintesa_ci4\\public\\index.php')
CRITICAL - 2023-08-12 05:18:57 --> Undefined variable $valid
in APPPATH\Controllers\Login.php on line 156.
 1 APPPATH\Controllers\Login.php(156): CodeIgniter\Debug\Exceptions->errorHandler(2, 'Undefined variable $valid', 'C:\\Bitnami\\wampstack\\apache2\\htdocs\\newsintesa_ci4\\app\\Controllers\\Login.php', 156)
 2 SYSTEMPATH\CodeIgniter.php(934): App\Controllers\Login->validasi()
 3 SYSTEMPATH\CodeIgniter.php(499): CodeIgniter\CodeIgniter->runController(Object(App\Controllers\Login))
 4 SYSTEMPATH\CodeIgniter.php(368): CodeIgniter\CodeIgniter->handleRequest(null, Object(Config\Cache), false)
 5 FCPATH\index.php(67): CodeIgniter\CodeIgniter->run()
 6 SYSTEMPATH\Commands\Server\rewrite.php(47): require_once('C:\\Bitnami\\wampstack\\apache2\\htdocs\\newsintesa_ci4\\public\\index.php')
CRITICAL - 2023-08-12 05:24:32 --> "password_strength" is not a valid rule.
in SYSTEMPATH\Validation\Validation.php on line 329.
 1 SYSTEMPATH\Validation\Validation.php(329): CodeIgniter\Validation\Exceptions\ValidationException::forRuleNotFound('password_strength')
 2 SYSTEMPATH\Validation\Validation.php(179): CodeIgniter\Validation\Validation->processRules('password_hash', 'Password', 'p4ssw.rd', [...], [...])
 3 SYSTEMPATH\Controller.php(140): CodeIgniter\Validation\Validation->run()
 4 APPPATH\Controllers\Login.php(140): CodeIgniter\Controller->validate([...])
 5 SYSTEMPATH\CodeIgniter.php(934): App\Controllers\Login->validasi()
 6 SYSTEMPATH\CodeIgniter.php(499): CodeIgniter\CodeIgniter->runController(Object(App\Controllers\Login))
 7 SYSTEMPATH\CodeIgniter.php(368): CodeIgniter\CodeIgniter->handleRequest(null, Object(Config\Cache), false)
 8 FCPATH\index.php(67): CodeIgniter\CodeIgniter->run()
 9 SYSTEMPATH\Commands\Server\rewrite.php(47): require_once('C:\\Bitnami\\wampstack\\apache2\\htdocs\\newsintesa_ci4\\public\\index.php')
CRITICAL - 2023-08-12 05:27:58 --> "password_strength" is not a valid rule.
in SYSTEMPATH\Validation\Validation.php on line 329.
 1 SYSTEMPATH\Validation\Validation.php(329): CodeIgniter\Validation\Exceptions\ValidationException::forRuleNotFound('password_strength')
 2 SYSTEMPATH\Validation\Validation.php(179): CodeIgniter\Validation\Validation->processRules('password_hash', 'Password', 'p4ssw.rd', [...], [...])
 3 SYSTEMPATH\Controller.php(140): CodeIgniter\Validation\Validation->run()
 4 APPPATH\Controllers\Login.php(140): CodeIgniter\Controller->validate([...])
 5 SYSTEMPATH\CodeIgniter.php(934): App\Controllers\Login->validasi()
 6 SYSTEMPATH\CodeIgniter.php(499): CodeIgniter\CodeIgniter->runController(Object(App\Controllers\Login))
 7 SYSTEMPATH\CodeIgniter.php(368): CodeIgniter\CodeIgniter->handleRequest(null, Object(Config\Cache), false)
 8 FCPATH\index.php(67): CodeIgniter\CodeIgniter->run()
 9 SYSTEMPATH\Commands\Server\rewrite.php(47): require_once('C:\\Bitnami\\wampstack\\apache2\\htdocs\\newsintesa_ci4\\public\\index.php')
CRITICAL - 2023-08-12 05:30:42 --> "password_strength" is not a valid rule.
in SYSTEMPATH\Validation\Validation.php on line 329.
 1 SYSTEMPATH\Validation\Validation.php(329): CodeIgniter\Validation\Exceptions\ValidationException::forRuleNotFound('password_strength')
 2 SYSTEMPATH\Validation\Validation.php(179): CodeIgniter\Validation\Validation->processRules('password_hash', 'Password', 'p4ssw.rd', [...], [...])
 3 SYSTEMPATH\Controller.php(140): CodeIgniter\Validation\Validation->run()
 4 APPPATH\Controllers\Login.php(140): CodeIgniter\Controller->validate([...])
 5 SYSTEMPATH\CodeIgniter.php(934): App\Controllers\Login->validasi()
 6 SYSTEMPATH\CodeIgniter.php(499): CodeIgniter\CodeIgniter->runController(Object(App\Controllers\Login))
 7 SYSTEMPATH\CodeIgniter.php(368): CodeIgniter\CodeIgniter->handleRequest(null, Object(Config\Cache), false)
 8 FCPATH\index.php(67): CodeIgniter\CodeIgniter->run()
 9 SYSTEMPATH\Commands\Server\rewrite.php(47): require_once('C:\\Bitnami\\wampstack\\apache2\\htdocs\\newsintesa_ci4\\public\\index.php')
CRITICAL - 2023-08-12 05:31:01 --> "password_strength" is not a valid rule.
in SYSTEMPATH\Validation\Validation.php on line 329.
 1 SYSTEMPATH\Validation\Validation.php(329): CodeIgniter\Validation\Exceptions\ValidationException::forRuleNotFound('password_strength')
 2 SYSTEMPATH\Validation\Validation.php(179): CodeIgniter\Validation\Validation->processRules('password_hash', 'Password', 'dawdawd', [...], [...])
 3 SYSTEMPATH\Controller.php(140): CodeIgniter\Validation\Validation->run()
 4 APPPATH\Controllers\Login.php(140): CodeIgniter\Controller->validate([...])
 5 SYSTEMPATH\CodeIgniter.php(934): App\Controllers\Login->validasi()
 6 SYSTEMPATH\CodeIgniter.php(499): CodeIgniter\CodeIgniter->runController(Object(App\Controllers\Login))
 7 SYSTEMPATH\CodeIgniter.php(368): CodeIgniter\CodeIgniter->handleRequest(null, Object(Config\Cache), false)
 8 FCPATH\index.php(67): CodeIgniter\CodeIgniter->run()
 9 SYSTEMPATH\Commands\Server\rewrite.php(47): require_once('C:\\Bitnami\\wampstack\\apache2\\htdocs\\newsintesa_ci4\\public\\index.php')
CRITICAL - 2023-08-12 05:33:38 --> Undefined property: App\Controllers\Login::$user
in APPPATH\Controllers\Login.php on line 219.
 1 APPPATH\Controllers\Login.php(219): CodeIgniter\Debug\Exceptions->errorHandler(2, 'Undefined property: App\\Controllers\\Login::$user', 'C:\\Bitnami\\wampstack\\apache2\\htdocs\\newsintesa_ci4\\app\\Controllers\\Login.php', 219)
 2 SYSTEMPATH\CodeIgniter.php(934): App\Controllers\Login->validasi()
 3 SYSTEMPATH\CodeIgniter.php(499): CodeIgniter\CodeIgniter->runController(Object(App\Controllers\Login))
 4 SYSTEMPATH\CodeIgniter.php(368): CodeIgniter\CodeIgniter->handleRequest(null, Object(Config\Cache), false)
 5 FCPATH\index.php(67): CodeIgniter\CodeIgniter->run()
 6 SYSTEMPATH\Commands\Server\rewrite.php(47): require_once('C:\\Bitnami\\wampstack\\apache2\\htdocs\\newsintesa_ci4\\public\\index.php')
CRITICAL - 2023-08-12 06:15:31 --> Undefined property: App\Controllers\Login::$user
in APPPATH\Controllers\Login.php on line 219.
 1 APPPATH\Controllers\Login.php(219): CodeIgniter\Debug\Exceptions->errorHandler(2, 'Undefined property: App\\Controllers\\Login::$user', 'C:\\Bitnami\\wampstack\\apache2\\htdocs\\newsintesa_ci4\\app\\Controllers\\Login.php', 219)
 2 SYSTEMPATH\CodeIgniter.php(934): App\Controllers\Login->validasi()
 3 SYSTEMPATH\CodeIgniter.php(499): CodeIgniter\CodeIgniter->runController(Object(App\Controllers\Login))
 4 SYSTEMPATH\CodeIgniter.php(368): CodeIgniter\CodeIgniter->handleRequest(null, Object(Config\Cache), false)
 5 FCPATH\index.php(67): CodeIgniter\CodeIgniter->run()
 6 SYSTEMPATH\Commands\Server\rewrite.php(47): require_once('C:\\Bitnami\\wampstack\\apache2\\htdocs\\newsintesa_ci4\\public\\index.php')
CRITICAL - 2023-08-12 06:18:13 --> Undefined property: App\Controllers\Login::$user
in APPPATH\Controllers\Login.php on line 219.
 1 APPPATH\Controllers\Login.php(219): CodeIgniter\Debug\Exceptions->errorHandler(2, 'Undefined property: App\\Controllers\\Login::$user', 'C:\\Bitnami\\wampstack\\apache2\\htdocs\\newsintesa_ci4\\app\\Controllers\\Login.php', 219)
 2 SYSTEMPATH\CodeIgniter.php(934): App\Controllers\Login->validasi()
 3 SYSTEMPATH\CodeIgniter.php(499): CodeIgniter\CodeIgniter->runController(Object(App\Controllers\Login))
 4 SYSTEMPATH\CodeIgniter.php(368): CodeIgniter\CodeIgniter->handleRequest(null, Object(Config\Cache), false)
 5 FCPATH\index.php(67): CodeIgniter\CodeIgniter->run()
 6 SYSTEMPATH\Commands\Server\rewrite.php(47): require_once('C:\\Bitnami\\wampstack\\apache2\\htdocs\\newsintesa_ci4\\public\\index.php')
CRITICAL - 2023-08-12 06:26:22 --> Undefined property: App\Controllers\Login::$user
in APPPATH\Controllers\Login.php on line 219.
 1 APPPATH\Controllers\Login.php(219): CodeIgniter\Debug\Exceptions->errorHandler(2, 'Undefined property: App\\Controllers\\Login::$user', 'C:\\Bitnami\\wampstack\\apache2\\htdocs\\newsintesa_ci4\\app\\Controllers\\Login.php', 219)
 2 SYSTEMPATH\CodeIgniter.php(934): App\Controllers\Login->validasi()
 3 SYSTEMPATH\CodeIgniter.php(499): CodeIgniter\CodeIgniter->runController(Object(App\Controllers\Login))
 4 SYSTEMPATH\CodeIgniter.php(368): CodeIgniter\CodeIgniter->handleRequest(null, Object(Config\Cache), false)
 5 FCPATH\index.php(67): CodeIgniter\CodeIgniter->run()
 6 SYSTEMPATH\Commands\Server\rewrite.php(47): require_once('C:\\Bitnami\\wampstack\\apache2\\htdocs\\newsintesa_ci4\\public\\index.php')
CRITICAL - 2023-08-12 06:27:24 --> Undefined property: App\Controllers\Login::$session
in APPPATH\Controllers\Login.php on line 232.
 1 APPPATH\Controllers\Login.php(232): CodeIgniter\Debug\Exceptions->errorHandler(2, 'Undefined property: App\\Controllers\\Login::$session', 'C:\\Bitnami\\wampstack\\apache2\\htdocs\\newsintesa_ci4\\app\\Controllers\\Login.php', 232)
 2 SYSTEMPATH\CodeIgniter.php(934): App\Controllers\Login->validasi()
 3 SYSTEMPATH\CodeIgniter.php(499): CodeIgniter\CodeIgniter->runController(Object(App\Controllers\Login))
 4 SYSTEMPATH\CodeIgniter.php(368): CodeIgniter\CodeIgniter->handleRequest(null, Object(Config\Cache), false)
 5 FCPATH\index.php(67): CodeIgniter\CodeIgniter->run()
 6 SYSTEMPATH\Commands\Server\rewrite.php(47): require_once('C:\\Bitnami\\wampstack\\apache2\\htdocs\\newsintesa_ci4\\public\\index.php')
CRITICAL - 2023-08-12 06:29:08 --> Undefined property: App\Controllers\Login::$session
in APPPATH\Controllers\Login.php on line 233.
 1 APPPATH\Controllers\Login.php(233): CodeIgniter\Debug\Exceptions->errorHandler(2, 'Undefined property: App\\Controllers\\Login::$session', 'C:\\Bitnami\\wampstack\\apache2\\htdocs\\newsintesa_ci4\\app\\Controllers\\Login.php', 233)
 2 SYSTEMPATH\CodeIgniter.php(934): App\Controllers\Login->validasi()
 3 SYSTEMPATH\CodeIgniter.php(499): CodeIgniter\CodeIgniter->runController(Object(App\Controllers\Login))
 4 SYSTEMPATH\CodeIgniter.php(368): CodeIgniter\CodeIgniter->handleRequest(null, Object(Config\Cache), false)
 5 FCPATH\index.php(67): CodeIgniter\CodeIgniter->run()
 6 SYSTEMPATH\Commands\Server\rewrite.php(47): require_once('C:\\Bitnami\\wampstack\\apache2\\htdocs\\newsintesa_ci4\\public\\index.php')
INFO - 2023-08-12 09:21:31 --> Session: Class initialized using 'CodeIgniter\Session\Handlers\FileHandler' driver.
INFO - 2023-08-12 09:23:22 --> Session: Class initialized using 'CodeIgniter\Session\Handlers\FileHandler' driver.
INFO - 2023-08-12 09:23:41 --> Session: Class initialized using 'CodeIgniter\Session\Handlers\FileHandler' driver.
INFO - 2023-08-12 09:24:41 --> Session: Class initialized using 'CodeIgniter\Session\Handlers\FileHandler' driver.
INFO - 2023-08-12 09:26:30 --> Session: Class initialized using 'CodeIgniter\Session\Handlers\FileHandler' driver.
INFO - 2023-08-12 09:26:32 --> Session: Class initialized using 'CodeIgniter\Session\Handlers\FileHandler' driver.
INFO - 2023-08-12 09:26:43 --> Session: Class initialized using 'CodeIgniter\Session\Handlers\FileHandler' driver.
INFO - 2023-08-12 09:26:59 --> Session: Class initialized using 'CodeIgniter\Session\Handlers\FileHandler' driver.
INFO - 2023-08-12 09:27:09 --> Session: Class initialized using 'CodeIgniter\Session\Handlers\FileHandler' driver.
INFO - 2023-08-12 09:27:16 --> Session: Class initialized using 'CodeIgniter\Session\Handlers\FileHandler' driver.
INFO - 2023-08-12 09:27:18 --> Session: Class initialized using 'CodeIgniter\Session\Handlers\FileHandler' driver.
INFO - 2023-08-12 09:27:27 --> Session: Class initialized using 'CodeIgniter\Session\Handlers\FileHandler' driver.
