CRITICAL - 2023-06-09 16:26:16 --> Undefined variable $data_summary_pendidikan
in APPPATH\Views\fe\data_diklat_summary.php on line 21.
 1 APPPATH\Views\fe\data_diklat_summary.php(21): CodeIgniter\Debug\Exceptions->errorHandler(2, 'Undefined variable $data_summary_pendidikan', 'C:\\Bitnami\\wampstack\\apache2\\htdocs\\newsintesa_ci4\\app\\Views\\fe\\data_diklat_summary.php', 21)
 2 SYSTEMPATH\View\View.php(213): include('C:\\Bitnami\\wampstack\\apache2\\htdocs\\newsintesa_ci4\\app\\Views\\fe\\data_diklat_summary.php')
 3 SYSTEMPATH\View\View.php(216): CodeIgniter\View\View->CodeIgniter\View\{closure}()
 4 SYSTEMPATH\Common.php(1184): CodeIgniter\View\View->render('fe/data_diklat_summary', [], true)
 5 APPPATH\Controllers\Web.php(56): view('fe/data_diklat_summary', [...])
 6 SYSTEMPATH\CodeIgniter.php(934): App\Controllers\Web->data_diklat('data-pelamar', 'summary')
 7 SYSTEMPATH\CodeIgniter.php(499): CodeIgniter\CodeIgniter->runController(Object(App\Controllers\Web))
 8 SYSTEMPATH\CodeIgniter.php(368): CodeIgniter\CodeIgniter->handleRequest(null, Object(Config\Cache), false)
 9 FCPATH\index.php(67): CodeIgniter\CodeIgniter->run()
10 SYSTEMPATH\Commands\Server\rewrite.php(47): require_once('C:\\Bitnami\\wampstack\\apache2\\htdocs\\newsintesa_ci4\\public\\index.php')
CRITICAL - 2023-06-09 16:27:23 --> Undefined variable $data_summary_pendidikan
in APPPATH\Views\fe\data_diklat_summary.php on line 21.
 1 APPPATH\Views\fe\data_diklat_summary.php(21): CodeIgniter\Debug\Exceptions->errorHandler(2, 'Undefined variable $data_summary_pendidikan', 'C:\\Bitnami\\wampstack\\apache2\\htdocs\\newsintesa_ci4\\app\\Views\\fe\\data_diklat_summary.php', 21)
 2 SYSTEMPATH\View\View.php(213): include('C:\\Bitnami\\wampstack\\apache2\\htdocs\\newsintesa_ci4\\app\\Views\\fe\\data_diklat_summary.php')
 3 SYSTEMPATH\View\View.php(216): CodeIgniter\View\View->CodeIgniter\View\{closure}()
 4 SYSTEMPATH\Common.php(1184): CodeIgniter\View\View->render('fe/data_diklat_summary', [], true)
 5 APPPATH\Controllers\Web.php(56): view('fe/data_diklat_summary', [...])
 6 SYSTEMPATH\CodeIgniter.php(934): App\Controllers\Web->data_diklat('data-pelamar', 'summary')
 7 SYSTEMPATH\CodeIgniter.php(499): CodeIgniter\CodeIgniter->runController(Object(App\Controllers\Web))
 8 SYSTEMPATH\CodeIgniter.php(368): CodeIgniter\CodeIgniter->handleRequest(null, Object(Config\Cache), false)
 9 FCPATH\index.php(67): CodeIgniter\CodeIgniter->run()
10 SYSTEMPATH\Commands\Server\rewrite.php(47): require_once('C:\\Bitnami\\wampstack\\apache2\\htdocs\\newsintesa_ci4\\public\\index.php')
CRITICAL - 2023-06-09 16:28:01 --> Undefined variable $data_summary_pendidikan
in APPPATH\Views\fe\data_diklat_summary.php on line 21.
 1 APPPATH\Views\fe\data_diklat_summary.php(21): CodeIgniter\Debug\Exceptions->errorHandler(2, 'Undefined variable $data_summary_pendidikan', 'C:\\Bitnami\\wampstack\\apache2\\htdocs\\newsintesa_ci4\\app\\Views\\fe\\data_diklat_summary.php', 21)
 2 SYSTEMPATH\View\View.php(213): include('C:\\Bitnami\\wampstack\\apache2\\htdocs\\newsintesa_ci4\\app\\Views\\fe\\data_diklat_summary.php')
 3 SYSTEMPATH\View\View.php(216): CodeIgniter\View\View->CodeIgniter\View\{closure}()
 4 SYSTEMPATH\Common.php(1184): CodeIgniter\View\View->render('fe/data_diklat_summary', [], true)
 5 APPPATH\Controllers\Web.php(56): view('fe/data_diklat_summary', [...])
 6 SYSTEMPATH\CodeIgniter.php(934): App\Controllers\Web->data_diklat('data-pelamar', 'summary')
 7 SYSTEMPATH\CodeIgniter.php(499): CodeIgniter\CodeIgniter->runController(Object(App\Controllers\Web))
 8 SYSTEMPATH\CodeIgniter.php(368): CodeIgniter\CodeIgniter->handleRequest(null, Object(Config\Cache), false)
 9 FCPATH\index.php(67): CodeIgniter\CodeIgniter->run()
10 SYSTEMPATH\Commands\Server\rewrite.php(47): require_once('C:\\Bitnami\\wampstack\\apache2\\htdocs\\newsintesa_ci4\\public\\index.php')
CRITICAL - 2023-06-09 16:59:22 --> Undefined variable $db
in APPPATH\Models\Data_diklat_model.php on line 64.
 1 APPPATH\Models\Data_diklat_model.php(64): CodeIgniter\Debug\Exceptions->errorHandler(2, 'Undefined variable $db', 'C:\\Bitnami\\wampstack\\apache2\\htdocs\\newsintesa_ci4\\app\\Models\\Data_diklat_model.php', 64)
 2 APPPATH\Controllers\Web.php(51): App\Models\Data_diklat_model->get_diklat_data_pelamar('pelatihan', 'detail')
 3 SYSTEMPATH\CodeIgniter.php(934): App\Controllers\Web->data_diklat('data-pelamar', 'pendidikan', 'detail')
 4 SYSTEMPATH\CodeIgniter.php(499): CodeIgniter\CodeIgniter->runController(Object(App\Controllers\Web))
 5 SYSTEMPATH\CodeIgniter.php(368): CodeIgniter\CodeIgniter->handleRequest(null, Object(Config\Cache), false)
 6 FCPATH\index.php(67): CodeIgniter\CodeIgniter->run()
 7 SYSTEMPATH\Commands\Server\rewrite.php(47): require_once('C:\\Bitnami\\wampstack\\apache2\\htdocs\\newsintesa_ci4\\public\\index.php')
CRITICAL - 2023-06-09 17:43:08 --> Class "App\Controllers\Services" not found
in APPPATH\Controllers\Web.php on line 68.
 1 SYSTEMPATH\CodeIgniter.php(934): App\Controllers\Web->asd()
 2 SYSTEMPATH\CodeIgniter.php(499): CodeIgniter\CodeIgniter->runController(Object(App\Controllers\Web))
 3 SYSTEMPATH\CodeIgniter.php(368): CodeIgniter\CodeIgniter->handleRequest(null, Object(Config\Cache), false)
 4 FCPATH\index.php(67): CodeIgniter\CodeIgniter->run()
 5 SYSTEMPATH\Commands\Server\rewrite.php(47): require_once('C:\\Bitnami\\wampstack\\apache2\\htdocs\\newsintesa_ci4\\public\\index.php')
CRITICAL - 2023-06-09 17:46:35 --> Class "App\Controllers\Services" not found
in APPPATH\Controllers\Web.php on line 68.
 1 SYSTEMPATH\CodeIgniter.php(934): App\Controllers\Web->asd()
 2 SYSTEMPATH\CodeIgniter.php(499): CodeIgniter\CodeIgniter->runController(Object(App\Controllers\Web))
 3 SYSTEMPATH\CodeIgniter.php(368): CodeIgniter\CodeIgniter->handleRequest(null, Object(Config\Cache), false)
 4 FCPATH\index.php(67): CodeIgniter\CodeIgniter->run()
 5 SYSTEMPATH\Commands\Server\rewrite.php(47): require_once('C:\\Bitnami\\wampstack\\apache2\\htdocs\\newsintesa_ci4\\public\\index.php')
CRITICAL - 2023-06-09 17:49:11 --> Class "App\Controllers\Services" not found
in APPPATH\Controllers\Web.php on line 69.
 1 SYSTEMPATH\CodeIgniter.php(934): App\Controllers\Web->asd()
 2 SYSTEMPATH\CodeIgniter.php(499): CodeIgniter\CodeIgniter->runController(Object(App\Controllers\Web))
 3 SYSTEMPATH\CodeIgniter.php(368): CodeIgniter\CodeIgniter->handleRequest(null, Object(Config\Cache), false)
 4 FCPATH\index.php(67): CodeIgniter\CodeIgniter->run()
 5 SYSTEMPATH\Commands\Server\rewrite.php(47): require_once('C:\\Bitnami\\wampstack\\apache2\\htdocs\\newsintesa_ci4\\public\\index.php')
CRITICAL - 2023-06-09 17:54:27 --> Class "App\Controllers\Services" not found
in APPPATH\Controllers\Web.php on line 69.
 1 SYSTEMPATH\CodeIgniter.php(934): App\Controllers\Web->asd()
 2 SYSTEMPATH\CodeIgniter.php(499): CodeIgniter\CodeIgniter->runController(Object(App\Controllers\Web))
 3 SYSTEMPATH\CodeIgniter.php(368): CodeIgniter\CodeIgniter->handleRequest(null, Object(Config\Cache), false)
 4 FCPATH\index.php(67): CodeIgniter\CodeIgniter->run()
 5 SYSTEMPATH\Commands\Server\rewrite.php(47): require_once('C:\\Bitnami\\wampstack\\apache2\\htdocs\\newsintesa_ci4\\public\\index.php')
CRITICAL - 2023-06-09 17:59:25 --> Class "App\Controllers\Model_datatable" not found
in APPPATH\Controllers\Web.php on line 69.
 1 SYSTEMPATH\CodeIgniter.php(934): App\Controllers\Web->asd()
 2 SYSTEMPATH\CodeIgniter.php(499): CodeIgniter\CodeIgniter->runController(Object(App\Controllers\Web))
 3 SYSTEMPATH\CodeIgniter.php(368): CodeIgniter\CodeIgniter->handleRequest(null, Object(Config\Cache), false)
 4 FCPATH\index.php(67): CodeIgniter\CodeIgniter->run()
 5 SYSTEMPATH\Commands\Server\rewrite.php(47): require_once('C:\\Bitnami\\wampstack\\apache2\\htdocs\\newsintesa_ci4\\public\\index.php')
CRITICAL - 2023-06-09 18:11:47 --> Call to undefined method CodeIgniter\Database\MySQLi\Result::queryResult()
in APPPATH\Models\Model_datatable.php on line 56.
 1 APPPATH\Controllers\Web.php(72): App\Models\Model_datatable->get_datatables()
 2 SYSTEMPATH\CodeIgniter.php(934): App\Controllers\Web->asd()
 3 SYSTEMPATH\CodeIgniter.php(499): CodeIgniter\CodeIgniter->runController(Object(App\Controllers\Web))
 4 SYSTEMPATH\CodeIgniter.php(368): CodeIgniter\CodeIgniter->handleRequest(null, Object(Config\Cache), false)
 5 FCPATH\index.php(67): CodeIgniter\CodeIgniter->run()
 6 SYSTEMPATH\Commands\Server\rewrite.php(47): require_once('C:\\Bitnami\\wampstack\\apache2\\htdocs\\newsintesa_ci4\\public\\index.php')
CRITICAL - 2023-06-09 18:14:05 --> Call to undefined method CodeIgniter\Database\MySQLi\Result::getLastQuery()
in APPPATH\Models\Model_datatable.php on line 56.
 1 APPPATH\Controllers\Web.php(72): App\Models\Model_datatable->get_datatables()
 2 SYSTEMPATH\CodeIgniter.php(934): App\Controllers\Web->asd()
 3 SYSTEMPATH\CodeIgniter.php(499): CodeIgniter\CodeIgniter->runController(Object(App\Controllers\Web))
 4 SYSTEMPATH\CodeIgniter.php(368): CodeIgniter\CodeIgniter->handleRequest(null, Object(Config\Cache), false)
 5 FCPATH\index.php(67): CodeIgniter\CodeIgniter->run()
 6 SYSTEMPATH\Commands\Server\rewrite.php(47): require_once('C:\\Bitnami\\wampstack\\apache2\\htdocs\\newsintesa_ci4\\public\\index.php')
CRITICAL - 2023-06-09 18:14:59 --> Call to undefined method CodeIgniter\Database\MySQLi\Builder::getQuery()
in APPPATH\Models\Model_datatable.php on line 55.
 1 APPPATH\Controllers\Web.php(72): App\Models\Model_datatable->get_datatables()
 2 SYSTEMPATH\CodeIgniter.php(934): App\Controllers\Web->asd()
 3 SYSTEMPATH\CodeIgniter.php(499): CodeIgniter\CodeIgniter->runController(Object(App\Controllers\Web))
 4 SYSTEMPATH\CodeIgniter.php(368): CodeIgniter\CodeIgniter->handleRequest(null, Object(Config\Cache), false)
 5 FCPATH\index.php(67): CodeIgniter\CodeIgniter->run()
 6 SYSTEMPATH\Commands\Server\rewrite.php(47): require_once('C:\\Bitnami\\wampstack\\apache2\\htdocs\\newsintesa_ci4\\public\\index.php')
CRITICAL - 2023-06-09 18:16:45 --> Call to undefined method CodeIgniter\Database\MySQLi\Result::getQuery()
in APPPATH\Models\Model_datatable.php on line 55.
 1 APPPATH\Controllers\Web.php(72): App\Models\Model_datatable->get_datatables()
 2 SYSTEMPATH\CodeIgniter.php(934): App\Controllers\Web->asd()
 3 SYSTEMPATH\CodeIgniter.php(499): CodeIgniter\CodeIgniter->runController(Object(App\Controllers\Web))
 4 SYSTEMPATH\CodeIgniter.php(368): CodeIgniter\CodeIgniter->handleRequest(null, Object(Config\Cache), false)
 5 FCPATH\index.php(67): CodeIgniter\CodeIgniter->run()
 6 SYSTEMPATH\Commands\Server\rewrite.php(47): require_once('C:\\Bitnami\\wampstack\\apache2\\htdocs\\newsintesa_ci4\\public\\index.php')
