CRITICAL - 2023-06-10 16:37:51 --> CodeIgniter\Database\BaseBuilder::orderBy(): Argument #1 ($orderBy) must be of type string, null given, called in C:\Bitnami\wampstack\apache2\htdocs\newsintesa_ci4\app\Models\Model_datatable.php on line 44
in SYSTEMPATH\Database\BaseBuilder.php on line 1438.
 1 APPPATH\Models\Model_datatable.php(44): CodeIgniter\Database\BaseBuilder->orderBy(null, 'asc')
 2 APPPATH\Models\Model_datatable.php(52): App\Models\Model_datatable->_get_datatables_query()
 3 APPPATH\Controllers\Web.php(72): App\Models\Model_datatable->get_datatables()
 4 SYSTEMPATH\CodeIgniter.php(934): App\Controllers\Web->asd()
 5 SYSTEMPATH\CodeIgniter.php(499): CodeIgniter\CodeIgniter->runController(Object(App\Controllers\Web))
 6 SYSTEMPATH\CodeIgniter.php(368): CodeIgniter\CodeIgniter->handleRequest(null, Object(Config\Cache), false)
 7 FCPATH\index.php(67): CodeIgniter\CodeIgniter->run()
 8 SYSTEMPATH\Commands\Server\rewrite.php(47): require_once('C:\\Bitnami\\wampstack\\apache2\\htdocs\\newsintesa_ci4\\public\\index.php')
CRITICAL - 2023-06-10 16:37:57 --> CodeIgniter\Database\BaseBuilder::orderBy(): Argument #1 ($orderBy) must be of type string, null given, called in C:\Bitnami\wampstack\apache2\htdocs\newsintesa_ci4\app\Models\Model_datatable.php on line 44
in SYSTEMPATH\Database\BaseBuilder.php on line 1438.
 1 APPPATH\Models\Model_datatable.php(44): CodeIgniter\Database\BaseBuilder->orderBy(null, 'desc')
 2 APPPATH\Models\Model_datatable.php(52): App\Models\Model_datatable->_get_datatables_query()
 3 APPPATH\Controllers\Web.php(72): App\Models\Model_datatable->get_datatables()
 4 SYSTEMPATH\CodeIgniter.php(934): App\Controllers\Web->asd()
 5 SYSTEMPATH\CodeIgniter.php(499): CodeIgniter\CodeIgniter->runController(Object(App\Controllers\Web))
 6 SYSTEMPATH\CodeIgniter.php(368): CodeIgniter\CodeIgniter->handleRequest(null, Object(Config\Cache), false)
 7 FCPATH\index.php(67): CodeIgniter\CodeIgniter->run()
 8 SYSTEMPATH\Commands\Server\rewrite.php(47): require_once('C:\\Bitnami\\wampstack\\apache2\\htdocs\\newsintesa_ci4\\public\\index.php')
CRITICAL - 2023-06-10 16:37:59 --> CodeIgniter\Database\BaseBuilder::orderBy(): Argument #1 ($orderBy) must be of type string, null given, called in C:\Bitnami\wampstack\apache2\htdocs\newsintesa_ci4\app\Models\Model_datatable.php on line 44
in SYSTEMPATH\Database\BaseBuilder.php on line 1438.
 1 APPPATH\Models\Model_datatable.php(44): CodeIgniter\Database\BaseBuilder->orderBy(null, 'asc')
 2 APPPATH\Models\Model_datatable.php(52): App\Models\Model_datatable->_get_datatables_query()
 3 APPPATH\Controllers\Web.php(72): App\Models\Model_datatable->get_datatables()
 4 SYSTEMPATH\CodeIgniter.php(934): App\Controllers\Web->asd()
 5 SYSTEMPATH\CodeIgniter.php(499): CodeIgniter\CodeIgniter->runController(Object(App\Controllers\Web))
 6 SYSTEMPATH\CodeIgniter.php(368): CodeIgniter\CodeIgniter->handleRequest(null, Object(Config\Cache), false)
 7 FCPATH\index.php(67): CodeIgniter\CodeIgniter->run()
 8 SYSTEMPATH\Commands\Server\rewrite.php(47): require_once('C:\\Bitnami\\wampstack\\apache2\\htdocs\\newsintesa_ci4\\public\\index.php')
CRITICAL - 2023-06-10 16:39:14 --> CodeIgniter\Database\BaseBuilder::orderBy(): Argument #1 ($orderBy) must be of type string, null given, called in C:\Bitnami\wampstack\apache2\htdocs\newsintesa_ci4\app\Models\Model_datatable.php on line 44
in SYSTEMPATH\Database\BaseBuilder.php on line 1438.
 1 APPPATH\Models\Model_datatable.php(44): CodeIgniter\Database\BaseBuilder->orderBy(null, 'asc')
 2 APPPATH\Models\Model_datatable.php(52): App\Models\Model_datatable->_get_datatables_query()
 3 APPPATH\Controllers\Web.php(72): App\Models\Model_datatable->get_datatables()
 4 SYSTEMPATH\CodeIgniter.php(934): App\Controllers\Web->asd()
 5 SYSTEMPATH\CodeIgniter.php(499): CodeIgniter\CodeIgniter->runController(Object(App\Controllers\Web))
 6 SYSTEMPATH\CodeIgniter.php(368): CodeIgniter\CodeIgniter->handleRequest(null, Object(Config\Cache), false)
 7 FCPATH\index.php(67): CodeIgniter\CodeIgniter->run()
 8 SYSTEMPATH\Commands\Server\rewrite.php(47): require_once('C:\\Bitnami\\wampstack\\apache2\\htdocs\\newsintesa_ci4\\public\\index.php')
CRITICAL - 2023-06-10 16:40:51 --> CodeIgniter\Database\BaseBuilder::orderBy(): Argument #1 ($orderBy) must be of type string, null given, called in C:\Bitnami\wampstack\apache2\htdocs\newsintesa_ci4\app\Models\Model_datatable.php on line 44
in SYSTEMPATH\Database\BaseBuilder.php on line 1438.
 1 APPPATH\Models\Model_datatable.php(44): CodeIgniter\Database\BaseBuilder->orderBy(null, 'asc')
 2 APPPATH\Models\Model_datatable.php(52): App\Models\Model_datatable->_get_datatables_query()
 3 APPPATH\Controllers\Web.php(72): App\Models\Model_datatable->get_datatables()
 4 SYSTEMPATH\CodeIgniter.php(934): App\Controllers\Web->asd()
 5 SYSTEMPATH\CodeIgniter.php(499): CodeIgniter\CodeIgniter->runController(Object(App\Controllers\Web))
 6 SYSTEMPATH\CodeIgniter.php(368): CodeIgniter\CodeIgniter->handleRequest(null, Object(Config\Cache), false)
 7 FCPATH\index.php(67): CodeIgniter\CodeIgniter->run()
 8 SYSTEMPATH\Commands\Server\rewrite.php(47): require_once('C:\\Bitnami\\wampstack\\apache2\\htdocs\\newsintesa_ci4\\public\\index.php')
CRITICAL - 2023-06-10 16:40:55 --> CodeIgniter\Database\BaseBuilder::orderBy(): Argument #1 ($orderBy) must be of type string, null given, called in C:\Bitnami\wampstack\apache2\htdocs\newsintesa_ci4\app\Models\Model_datatable.php on line 44
in SYSTEMPATH\Database\BaseBuilder.php on line 1438.
 1 APPPATH\Models\Model_datatable.php(44): CodeIgniter\Database\BaseBuilder->orderBy(null, 'asc')
 2 APPPATH\Models\Model_datatable.php(52): App\Models\Model_datatable->_get_datatables_query()
 3 APPPATH\Controllers\Web.php(72): App\Models\Model_datatable->get_datatables()
 4 SYSTEMPATH\CodeIgniter.php(934): App\Controllers\Web->asd()
 5 SYSTEMPATH\CodeIgniter.php(499): CodeIgniter\CodeIgniter->runController(Object(App\Controllers\Web))
 6 SYSTEMPATH\CodeIgniter.php(368): CodeIgniter\CodeIgniter->handleRequest(null, Object(Config\Cache), false)
 7 FCPATH\index.php(67): CodeIgniter\CodeIgniter->run()
 8 SYSTEMPATH\Commands\Server\rewrite.php(47): require_once('C:\\Bitnami\\wampstack\\apache2\\htdocs\\newsintesa_ci4\\public\\index.php')
CRITICAL - 2023-06-10 17:00:28 --> CodeIgniter\Database\BaseBuilder::orderBy(): Argument #1 ($orderBy) must be of type string, null given, called in C:\Bitnami\wampstack\apache2\htdocs\newsintesa_ci4\app\Models\Model_datatable.php on line 46
in SYSTEMPATH\Database\BaseBuilder.php on line 1438.
 1 APPPATH\Models\Model_datatable.php(46): CodeIgniter\Database\BaseBuilder->orderBy(null, 'asc')
 2 APPPATH\Models\Model_datatable.php(54): App\Models\Model_datatable->_get_datatables_query()
 3 APPPATH\Controllers\Web.php(72): App\Models\Model_datatable->get_datatables()
 4 SYSTEMPATH\CodeIgniter.php(934): App\Controllers\Web->asd()
 5 SYSTEMPATH\CodeIgniter.php(499): CodeIgniter\CodeIgniter->runController(Object(App\Controllers\Web))
 6 SYSTEMPATH\CodeIgniter.php(368): CodeIgniter\CodeIgniter->handleRequest(null, Object(Config\Cache), false)
 7 FCPATH\index.php(67): CodeIgniter\CodeIgniter->run()
 8 SYSTEMPATH\Commands\Server\rewrite.php(47): require_once('C:\\Bitnami\\wampstack\\apache2\\htdocs\\newsintesa_ci4\\public\\index.php')
CRITICAL - 2023-06-10 17:00:54 --> Undefined variable $list
in APPPATH\Controllers\Web.php on line 73.
 1 APPPATH\Controllers\Web.php(73): CodeIgniter\Debug\Exceptions->errorHandler(2, 'Undefined variable $list', 'C:\\Bitnami\\wampstack\\apache2\\htdocs\\newsintesa_ci4\\app\\Controllers\\Web.php', 73)
 2 SYSTEMPATH\CodeIgniter.php(934): App\Controllers\Web->asd()
 3 SYSTEMPATH\CodeIgniter.php(499): CodeIgniter\CodeIgniter->runController(Object(App\Controllers\Web))
 4 SYSTEMPATH\CodeIgniter.php(368): CodeIgniter\CodeIgniter->handleRequest(null, Object(Config\Cache), false)
 5 FCPATH\index.php(67): CodeIgniter\CodeIgniter->run()
 6 SYSTEMPATH\Commands\Server\rewrite.php(47): require_once('C:\\Bitnami\\wampstack\\apache2\\htdocs\\newsintesa_ci4\\public\\index.php')
CRITICAL - 2023-06-10 17:05:16 --> CodeIgniter\Database\BaseBuilder::orderBy(): Argument #1 ($orderBy) must be of type string, null given, called in C:\Bitnami\wampstack\apache2\htdocs\newsintesa_ci4\app\Models\Model_datatable.php on line 46
in SYSTEMPATH\Database\BaseBuilder.php on line 1438.
 1 APPPATH\Models\Model_datatable.php(46): CodeIgniter\Database\BaseBuilder->orderBy(null, 'asc')
 2 APPPATH\Models\Model_datatable.php(54): App\Models\Model_datatable->_get_datatables_query()
 3 APPPATH\Controllers\Web.php(72): App\Models\Model_datatable->get_datatables()
 4 SYSTEMPATH\CodeIgniter.php(934): App\Controllers\Web->asd()
 5 SYSTEMPATH\CodeIgniter.php(499): CodeIgniter\CodeIgniter->runController(Object(App\Controllers\Web))
 6 SYSTEMPATH\CodeIgniter.php(368): CodeIgniter\CodeIgniter->handleRequest(null, Object(Config\Cache), false)
 7 FCPATH\index.php(67): CodeIgniter\CodeIgniter->run()
 8 SYSTEMPATH\Commands\Server\rewrite.php(47): require_once('C:\\Bitnami\\wampstack\\apache2\\htdocs\\newsintesa_ci4\\public\\index.php')
ERROR - 2023-06-10 17:07:21 --> mysqli_sql_exception: Unknown column 'name' in 'order clause' in C:\Bitnami\wampstack\apache2\htdocs\newsintesa_ci4\system\Database\MySQLi\Connection.php:295
Stack trace:
#0 C:\Bitnami\wampstack\apache2\htdocs\newsintesa_ci4\system\Database\MySQLi\Connection.php(295): mysqli->query('SELECT *\nFROM `...', 0)
#1 C:\Bitnami\wampstack\apache2\htdocs\newsintesa_ci4\system\Database\BaseConnection.php(692): CodeIgniter\Database\MySQLi\Connection->execute('SELECT *\nFROM `...')
#2 C:\Bitnami\wampstack\apache2\htdocs\newsintesa_ci4\system\Database\BaseConnection.php(606): CodeIgniter\Database\BaseConnection->simpleQuery('SELECT *\nFROM `...')
#3 C:\Bitnami\wampstack\apache2\htdocs\newsintesa_ci4\system\Database\BaseBuilder.php(1616): CodeIgniter\Database\BaseConnection->query('SELECT *\nFROM `...', Array, false)
#4 C:\Bitnami\wampstack\apache2\htdocs\newsintesa_ci4\app\Models\Model_datatable.php(57): CodeIgniter\Database\BaseBuilder->get()
#5 C:\Bitnami\wampstack\apache2\htdocs\newsintesa_ci4\app\Controllers\Web.php(72): App\Models\Model_datatable->get_datatables()
#6 C:\Bitnami\wampstack\apache2\htdocs\newsintesa_ci4\system\CodeIgniter.php(934): App\Controllers\Web->asd()
#7 C:\Bitnami\wampstack\apache2\htdocs\newsintesa_ci4\system\CodeIgniter.php(499): CodeIgniter\CodeIgniter->runController(Object(App\Controllers\Web))
#8 C:\Bitnami\wampstack\apache2\htdocs\newsintesa_ci4\system\CodeIgniter.php(368): CodeIgniter\CodeIgniter->handleRequest(NULL, Object(Config\Cache), false)
#9 C:\Bitnami\wampstack\apache2\htdocs\newsintesa_ci4\public\index.php(67): CodeIgniter\CodeIgniter->run()
#10 C:\Bitnami\wampstack\apache2\htdocs\newsintesa_ci4\system\Commands\Server\rewrite.php(47): require_once('C:\\Bitnami\\wamp...')
#11 {main}
CRITICAL - 2023-06-10 17:07:21 --> Unknown column 'name' in 'order clause'
in SYSTEMPATH\Database\MySQLi\Connection.php on line 295.
 1 SYSTEMPATH\Database\MySQLi\Connection.php(295): mysqli->query('SELECT *
FROM `s_univ_luarnegeri`
ORDER BY `name` ASC
 LIMIT 10', 0)
 2 SYSTEMPATH\Database\BaseConnection.php(692): CodeIgniter\Database\MySQLi\Connection->execute('SELECT *
FROM `s_univ_luarnegeri`
ORDER BY `name` ASC
 LIMIT 10')
 3 SYSTEMPATH\Database\BaseConnection.php(606): CodeIgniter\Database\BaseConnection->simpleQuery('SELECT *
FROM `s_univ_luarnegeri`
ORDER BY `name` ASC
 LIMIT 10')
 4 SYSTEMPATH\Database\BaseBuilder.php(1616): CodeIgniter\Database\BaseConnection->query('SELECT *
FROM `s_univ_luarnegeri`
ORDER BY `name` ASC
 LIMIT 10', [], false)
 5 APPPATH\Models\Model_datatable.php(57): CodeIgniter\Database\BaseBuilder->get()
 6 APPPATH\Controllers\Web.php(72): App\Models\Model_datatable->get_datatables()
 7 SYSTEMPATH\CodeIgniter.php(934): App\Controllers\Web->asd()
 8 SYSTEMPATH\CodeIgniter.php(499): CodeIgniter\CodeIgniter->runController(Object(App\Controllers\Web))
 9 SYSTEMPATH\CodeIgniter.php(368): CodeIgniter\CodeIgniter->handleRequest(null, Object(Config\Cache), false)
10 FCPATH\index.php(67): CodeIgniter\CodeIgniter->run()
11 SYSTEMPATH\Commands\Server\rewrite.php(47): require_once('C:\\Bitnami\\wampstack\\apache2\\htdocs\\newsintesa_ci4\\public\\index.php')
CRITICAL - 2023-06-10 17:08:00 --> CodeIgniter\Database\BaseBuilder::orderBy(): Argument #1 ($orderBy) must be of type string, null given, called in C:\Bitnami\wampstack\apache2\htdocs\newsintesa_ci4\app\Models\Model_datatable.php on line 46
in SYSTEMPATH\Database\BaseBuilder.php on line 1438.
 1 APPPATH\Models\Model_datatable.php(46): CodeIgniter\Database\BaseBuilder->orderBy(null, 'asc')
 2 APPPATH\Models\Model_datatable.php(54): App\Models\Model_datatable->_get_datatables_query()
 3 APPPATH\Controllers\Web.php(72): App\Models\Model_datatable->get_datatables()
 4 SYSTEMPATH\CodeIgniter.php(934): App\Controllers\Web->asd()
 5 SYSTEMPATH\CodeIgniter.php(499): CodeIgniter\CodeIgniter->runController(Object(App\Controllers\Web))
 6 SYSTEMPATH\CodeIgniter.php(368): CodeIgniter\CodeIgniter->handleRequest(null, Object(Config\Cache), false)
 7 FCPATH\index.php(67): CodeIgniter\CodeIgniter->run()
 8 SYSTEMPATH\Commands\Server\rewrite.php(47): require_once('C:\\Bitnami\\wampstack\\apache2\\htdocs\\newsintesa_ci4\\public\\index.php')
CRITICAL - 2023-06-10 18:36:34 --> Call to undefined method App\Models\Model_datatable::request
in SYSTEMPATH\Model.php on line 842.
 1 APPPATH\Models\Model_datatable.php(28): CodeIgniter\Model->__call('request', [])
 2 APPPATH\Models\Model_datatable.php(54): App\Models\Model_datatable->_get_datatables_query()
 3 APPPATH\Controllers\Web.php(72): App\Models\Model_datatable->get_datatables()
 4 SYSTEMPATH\CodeIgniter.php(934): App\Controllers\Web->globalDtTable()
 5 SYSTEMPATH\CodeIgniter.php(499): CodeIgniter\CodeIgniter->runController(Object(App\Controllers\Web))
 6 SYSTEMPATH\CodeIgniter.php(368): CodeIgniter\CodeIgniter->handleRequest(null, Object(Config\Cache), false)
 7 FCPATH\index.php(67): CodeIgniter\CodeIgniter->run()
 8 SYSTEMPATH\Commands\Server\rewrite.php(47): require_once('C:\\Bitnami\\wampstack\\apache2\\htdocs\\newsintesa_ci4\\public\\index.php')
CRITICAL - 2023-06-10 18:36:39 --> Call to undefined method App\Models\Model_datatable::request
in SYSTEMPATH\Model.php on line 842.
 1 APPPATH\Models\Model_datatable.php(28): CodeIgniter\Model->__call('request', [])
 2 APPPATH\Models\Model_datatable.php(54): App\Models\Model_datatable->_get_datatables_query()
 3 APPPATH\Controllers\Web.php(72): App\Models\Model_datatable->get_datatables()
 4 SYSTEMPATH\CodeIgniter.php(934): App\Controllers\Web->globalDtTable()
 5 SYSTEMPATH\CodeIgniter.php(499): CodeIgniter\CodeIgniter->runController(Object(App\Controllers\Web))
 6 SYSTEMPATH\CodeIgniter.php(368): CodeIgniter\CodeIgniter->handleRequest(null, Object(Config\Cache), false)
 7 FCPATH\index.php(67): CodeIgniter\CodeIgniter->run()
 8 SYSTEMPATH\Commands\Server\rewrite.php(47): require_once('C:\\Bitnami\\wampstack\\apache2\\htdocs\\newsintesa_ci4\\public\\index.php')
CRITICAL - 2023-06-10 18:56:04 --> CodeIgniter\Database\BaseBuilder::orderBy(): Argument #1 ($orderBy) must be of type string, null given, called in C:\Bitnami\wampstack\apache2\htdocs\newsintesa_ci4\app\Models\Model_datatable.php on line 44
in SYSTEMPATH\Database\BaseBuilder.php on line 1438.
 1 APPPATH\Models\Model_datatable.php(44): CodeIgniter\Database\BaseBuilder->orderBy(null, 'asc')
 2 APPPATH\Models\Model_datatable.php(56): App\Models\Model_datatable->_get_datatables_query()
 3 APPPATH\Controllers\Web.php(72): App\Models\Model_datatable->get_datatables()
 4 SYSTEMPATH\CodeIgniter.php(934): App\Controllers\Web->globalDtTable()
 5 SYSTEMPATH\CodeIgniter.php(499): CodeIgniter\CodeIgniter->runController(Object(App\Controllers\Web))
 6 SYSTEMPATH\CodeIgniter.php(368): CodeIgniter\CodeIgniter->handleRequest(null, Object(Config\Cache), false)
 7 FCPATH\index.php(67): CodeIgniter\CodeIgniter->run()
 8 SYSTEMPATH\Commands\Server\rewrite.php(47): require_once('C:\\Bitnami\\wampstack\\apache2\\htdocs\\newsintesa_ci4\\public\\index.php')
ERROR - 2023-06-10 18:59:25 --> mysqli_sql_exception: You have an error in your SQL syntax; check the manual that corresponds to your MySQL server version for the right syntax to use near ':0:
ORDER BY `nama` ASC
 LIMIT 10' at line 3 in C:\Bitnami\wampstack\apache2\htdocs\newsintesa_ci4\system\Database\MySQLi\Connection.php:295
Stack trace:
#0 C:\Bitnami\wampstack\apache2\htdocs\newsintesa_ci4\system\Database\MySQLi\Connection.php(295): mysqli->query('SELECT *\nFROM `...', 0)
#1 C:\Bitnami\wampstack\apache2\htdocs\newsintesa_ci4\system\Database\BaseConnection.php(692): CodeIgniter\Database\MySQLi\Connection->execute('SELECT *\nFROM `...')
#2 C:\Bitnami\wampstack\apache2\htdocs\newsintesa_ci4\system\Database\BaseConnection.php(606): CodeIgniter\Database\BaseConnection->simpleQuery('SELECT *\nFROM `...')
#3 C:\Bitnami\wampstack\apache2\htdocs\newsintesa_ci4\system\Database\BaseBuilder.php(1616): CodeIgniter\Database\BaseConnection->query('SELECT *\nFROM `...', Array, false)
#4 C:\Bitnami\wampstack\apache2\htdocs\newsintesa_ci4\app\Models\Model_datatable.php(63): CodeIgniter\Database\BaseBuilder->get()
#5 C:\Bitnami\wampstack\apache2\htdocs\newsintesa_ci4\app\Controllers\Web.php(72): App\Models\Model_datatable->get_datatables()
#6 C:\Bitnami\wampstack\apache2\htdocs\newsintesa_ci4\system\CodeIgniter.php(934): App\Controllers\Web->globalDtTable()
#7 C:\Bitnami\wampstack\apache2\htdocs\newsintesa_ci4\system\CodeIgniter.php(499): CodeIgniter\CodeIgniter->runController(Object(App\Controllers\Web))
#8 C:\Bitnami\wampstack\apache2\htdocs\newsintesa_ci4\system\CodeIgniter.php(368): CodeIgniter\CodeIgniter->handleRequest(NULL, Object(Config\Cache), false)
#9 C:\Bitnami\wampstack\apache2\htdocs\newsintesa_ci4\public\index.php(67): CodeIgniter\CodeIgniter->run()
#10 C:\Bitnami\wampstack\apache2\htdocs\newsintesa_ci4\system\Commands\Server\rewrite.php(47): require_once('C:\\Bitnami\\wamp...')
#11 {main}
CRITICAL - 2023-06-10 18:59:25 --> You have an error in your SQL syntax; check the manual that corresponds to your MySQL server version for the right syntax to use near ':0:
ORDER BY `nama` ASC
 LIMIT 10' at line 3
in SYSTEMPATH\Database\MySQLi\Connection.php on line 295.
 1 SYSTEMPATH\Database\MySQLi\Connection.php(295): mysqli->query('SELECT *
FROM `s_univ_luarnegeri`
WHERE 0 = :0:
ORDER BY `nama` ASC
 LIMIT 10', 0)
 2 SYSTEMPATH\Database\BaseConnection.php(692): CodeIgniter\Database\MySQLi\Connection->execute('SELECT *
FROM `s_univ_luarnegeri`
WHERE 0 = :0:
ORDER BY `nama` ASC
 LIMIT 10')
 3 SYSTEMPATH\Database\BaseConnection.php(606): CodeIgniter\Database\BaseConnection->simpleQuery('SELECT *
FROM `s_univ_luarnegeri`
WHERE 0 = :0:
ORDER BY `nama` ASC
 LIMIT 10')
 4 SYSTEMPATH\Database\BaseBuilder.php(1616): CodeIgniter\Database\BaseConnection->query('SELECT *
FROM `s_univ_luarnegeri`
WHERE 0 = :0:
ORDER BY `nama` ASC
 LIMIT 10', [...], false)
 5 APPPATH\Models\Model_datatable.php(63): CodeIgniter\Database\BaseBuilder->get()
 6 APPPATH\Controllers\Web.php(72): App\Models\Model_datatable->get_datatables()
 7 SYSTEMPATH\CodeIgniter.php(934): App\Controllers\Web->globalDtTable()
 8 SYSTEMPATH\CodeIgniter.php(499): CodeIgniter\CodeIgniter->runController(Object(App\Controllers\Web))
 9 SYSTEMPATH\CodeIgniter.php(368): CodeIgniter\CodeIgniter->handleRequest(null, Object(Config\Cache), false)
10 FCPATH\index.php(67): CodeIgniter\CodeIgniter->run()
11 SYSTEMPATH\Commands\Server\rewrite.php(47): require_once('C:\\Bitnami\\wampstack\\apache2\\htdocs\\newsintesa_ci4\\public\\index.php')
CRITICAL - 2023-06-10 19:00:37 --> Undefined array key "field"
in APPPATH\Models\Model_datatable.php on line 54.
 1 APPPATH\Models\Model_datatable.php(54): CodeIgniter\Debug\Exceptions->errorHandler(2, 'Undefined array key "field"', 'C:\\Bitnami\\wampstack\\apache2\\htdocs\\newsintesa_ci4\\app\\Models\\Model_datatable.php', 54)
 2 APPPATH\Models\Model_datatable.php(60): App\Models\Model_datatable->_get_datatables_query()
 3 APPPATH\Controllers\Web.php(72): App\Models\Model_datatable->get_datatables()
 4 SYSTEMPATH\CodeIgniter.php(934): App\Controllers\Web->globalDtTable()
 5 SYSTEMPATH\CodeIgniter.php(499): CodeIgniter\CodeIgniter->runController(Object(App\Controllers\Web))
 6 SYSTEMPATH\CodeIgniter.php(368): CodeIgniter\CodeIgniter->handleRequest(null, Object(Config\Cache), false)
 7 FCPATH\index.php(67): CodeIgniter\CodeIgniter->run()
 8 SYSTEMPATH\Commands\Server\rewrite.php(47): require_once('C:\\Bitnami\\wampstack\\apache2\\htdocs\\newsintesa_ci4\\public\\index.php')
